#
# There is insufficient memory for the Java Runtime Environment to continue.
# Native memory allocation (malloc) failed to allocate 1232816 bytes for Chunk::new
# Possible reasons:
#   The system is out of physical RAM or swap space
#   The process is running with CompressedOops enabled, and the Java Heap may be blocking the growth of the native heap
# Possible solutions:
#   Reduce memory load on the system
#   Increase physical memory or swap space
#   Check if swap backing store is full
#   Decrease Java heap size (-Xmx/-Xms)
#   Decrease number of Java threads
#   Decrease Java thread stack sizes (-Xss)
#   Set larger code cache with -XX:ReservedCodeCacheSize=
#   JVM is running with Zero Based Compressed Oops mode in which the Java heap is
#     placed in the first 32GB address space. The Java Heap base address is the
#     maximum limit for the native heap growth. Please use -XX:HeapBaseMinAddress
#     to set the Java Heap base and to place the Java Heap above 32GB virtual address.
# This output file may be truncated or incomplete.
#
#  Out of Memory Error (arena.cpp:191), pid=6752, tid=11348
#
# JRE version: OpenJDK Runtime Environment (17.0.10) (build 17.0.10+0--11572160)
# Java VM: OpenJDK 64-Bit Server VM (17.0.10+0--11572160, mixed mode, tiered, compressed oops, compressed class ptrs, g1 gc, windows-amd64)
# No core dump will be written. Minidumps are not enabled by default on client versions of Windows
#

---------------  S U M M A R Y ------------

Command Line: org.jetbrains.kotlin.cli.jvm.K2JVMCompiler @F:\Bill_Gernerator\Bill_Gernator\app\build\20240912_226673054298137818.compiler.options

Host: 11th Gen Intel(R) Core(TM) i5-11300H @ 3.10GHz, 8 cores, 15G,  Windows 11 , 64 bit Build 22621 (10.0.22621.3958)
Time: Thu Sep 12 02:41:00 2024 India Standard Time elapsed time: 11.029344 seconds (0d 0h 0m 11s)

---------------  T H R E A D  ---------------

Current thread (0x00000254fcba0690):  JavaThread "C2 CompilerThread1" daemon [_thread_in_native, id=11348, stack(0x000000a6b6300000,0x000000a6b6400000)]


Current CompileTask:
C2:  11029 11743       4       jdk.internal.loader.ClassLoaders$AppClassLoader::defineOrCheckPackage (8 bytes)

Stack: [0x000000a6b6300000,0x000000a6b6400000]
Native frames: (J=compiled Java code, j=interpreted, Vv=VM code, C=native code)
V  [jvm.dll+0x688e89]
V  [jvm.dll+0x84247a]
V  [jvm.dll+0x8440be]
V  [jvm.dll+0x844723]
V  [jvm.dll+0x24be0f]
V  [jvm.dll+0xac524]
V  [jvm.dll+0xacb6c]
V  [jvm.dll+0x36bd12]
V  [jvm.dll+0x33615a]
V  [jvm.dll+0x3355fa]
V  [jvm.dll+0x21daa1]
V  [jvm.dll+0x21cec1]
V  [jvm.dll+0x1a60ad]
V  [jvm.dll+0x22cd78]
V  [jvm.dll+0x22aeb0]
V  [jvm.dll+0x7f6917]
V  [jvm.dll+0x7f0d1a]
V  [jvm.dll+0x687d05]
C  [ucrtbase.dll+0x29333]
C  [KERNEL32.DLL+0x1257d]
C  [ntdll.dll+0x5af28]


---------------  P R O C E S S  ---------------

Threads class SMR info:
_java_thread_list=0x00000254fc402ff0, length=14, elements={
0x00000254d762c3a0, 0x00000254f5edeab0, 0x00000254fa052720, 0x00000254fa0afbe0,
0x00000254fa0b0fb0, 0x00000254fa0a9730, 0x00000254fa0ab010, 0x00000254fa0b6750,
0x00000254fa0b7060, 0x00000254fa0b9530, 0x00000254fa22aac0, 0x00000254fa241470,
0x00000254fcba0690, 0x000002548006b570
}

Java Threads: ( => current thread )
  0x00000254d762c3a0 JavaThread "main" [_thread_in_native, id=16624, stack(0x000000a6b5000000,0x000000a6b5100000)]
  0x00000254f5edeab0 JavaThread "Reference Handler" daemon [_thread_blocked, id=6948, stack(0x000000a6b5700000,0x000000a6b5800000)]
  0x00000254fa052720 JavaThread "Finalizer" daemon [_thread_blocked, id=15860, stack(0x000000a6b5800000,0x000000a6b5900000)]
  0x00000254fa0afbe0 JavaThread "Signal Dispatcher" daemon [_thread_blocked, id=10140, stack(0x000000a6b5900000,0x000000a6b5a00000)]
  0x00000254fa0b0fb0 JavaThread "Attach Listener" daemon [_thread_blocked, id=5012, stack(0x000000a6b5a00000,0x000000a6b5b00000)]
  0x00000254fa0a9730 JavaThread "Service Thread" daemon [_thread_blocked, id=16868, stack(0x000000a6b5b00000,0x000000a6b5c00000)]
  0x00000254fa0ab010 JavaThread "Monitor Deflation Thread" daemon [_thread_blocked, id=15948, stack(0x000000a6b5c00000,0x000000a6b5d00000)]
  0x00000254fa0b6750 JavaThread "C2 CompilerThread0" daemon [_thread_in_native, id=15504, stack(0x000000a6b5d00000,0x000000a6b5e00000)]
  0x00000254fa0b7060 JavaThread "C1 CompilerThread0" daemon [_thread_blocked, id=18392, stack(0x000000a6b5e00000,0x000000a6b5f00000)]
  0x00000254fa0b9530 JavaThread "Sweeper thread" daemon [_thread_blocked, id=10424, stack(0x000000a6b5f00000,0x000000a6b6000000)]
  0x00000254fa22aac0 JavaThread "Notification Thread" daemon [_thread_blocked, id=7824, stack(0x000000a6b6000000,0x000000a6b6100000)]
  0x00000254fa241470 JavaThread "Common-Cleaner" daemon [_thread_blocked, id=8328, stack(0x000000a6b6200000,0x000000a6b6300000)]
=>0x00000254fcba0690 JavaThread "C2 CompilerThread1" daemon [_thread_in_native, id=11348, stack(0x000000a6b6300000,0x000000a6b6400000)]
  0x000002548006b570 JavaThread "C2 CompilerThread2" daemon [_thread_in_native, id=17864, stack(0x000000a6b6c00000,0x000000a6b6d00000)]

Other Threads:
  0x00000254f5edc850 VMThread "VM Thread" [stack: 0x000000a6b5600000,0x000000a6b5700000] [id=15744]
  0x00000254fa22afa0 WatcherThread [stack: 0x000000a6b6100000,0x000000a6b6200000] [id=16964]
  0x00000254d7699ae0 GCTaskThread "GC Thread#0" [stack: 0x000000a6b5100000,0x000000a6b5200000] [id=17324]
  0x00000254fa7c8f20 GCTaskThread "GC Thread#1" [stack: 0x000000a6b6400000,0x000000a6b6500000] [id=12732]
  0x00000254fa815040 GCTaskThread "GC Thread#2" [stack: 0x000000a6b6500000,0x000000a6b6600000] [id=11456]
  0x00000254fa815300 GCTaskThread "GC Thread#3" [stack: 0x000000a6b6600000,0x000000a6b6700000] [id=6820]
  0x00000254fa8155c0 GCTaskThread "GC Thread#4" [stack: 0x000000a6b6700000,0x000000a6b6800000] [id=12444]
  0x00000254fa8164a0 GCTaskThread "GC Thread#5" [stack: 0x000000a6b6800000,0x000000a6b6900000] [id=10172]
  0x00000254fb356c40 GCTaskThread "GC Thread#6" [stack: 0x000000a6b6900000,0x000000a6b6a00000] [id=12584]
  0x00000254fb120450 GCTaskThread "GC Thread#7" [stack: 0x000000a6b6a00000,0x000000a6b6b00000] [id=11320]
  0x00000254d76aa6c0 ConcurrentGCThread "G1 Main Marker" [stack: 0x000000a6b5200000,0x000000a6b5300000] [id=1692]
  0x00000254d76ac0f0 ConcurrentGCThread "G1 Conc#0" [stack: 0x000000a6b5300000,0x000000a6b5400000] [id=14828]
  0x00000254fb13d820 ConcurrentGCThread "G1 Conc#1" [stack: 0x000000a6b6b00000,0x000000a6b6c00000] [id=12792]
  0x00000254f5d82dd0 ConcurrentGCThread "G1 Refine#0" [stack: 0x000000a6b5400000,0x000000a6b5500000] [id=2480]
  0x00000254fc750570 ConcurrentGCThread "G1 Refine#1" [stack: 0x000000a6b6d00000,0x000000a6b6e00000] [id=10800]
  0x00000254fc750280 ConcurrentGCThread "G1 Refine#2" [stack: 0x000000a6b6e00000,0x000000a6b6f00000] [id=1332]
  0x00000254fc751fe0 ConcurrentGCThread "G1 Refine#3" [stack: 0x000000a6b6f00000,0x000000a6b7000000] [id=12604]
  0x00000254f5d83710 ConcurrentGCThread "G1 Service" [stack: 0x000000a6b5500000,0x000000a6b5600000] [id=17848]

Threads with active compile tasks:
C2 CompilerThread0    11038 11885       4       org.jetbrains.kotlin.ir.util.TypeTranslator::translateTypeAnnotations (230 bytes)
C2 CompilerThread1    11038 11743       4       jdk.internal.loader.ClassLoaders$AppClassLoader::defineOrCheckPackage (8 bytes)
C2 CompilerThread2    11038 11848       4       org.jetbrains.kotlin.ir.util.TypeTranslator::translateType (625 bytes)

VM state: not at safepoint (normal execution)

VM Mutex/Monitor currently owned by a thread: None

Heap address: 0x0000000703600000, size: 4042 MB, Compressed Oops mode: Zero based, Oop shift amount: 3

CDS archive(s) not mapped
Compressed class space mapped at: 0x0000000800000000-0x0000000840000000, reserved size: 1073741824
Narrow klass base: 0x0000000800000000, Narrow klass shift: 0, Narrow klass range: 0x40000000

GC Precious Log:
 CPUs: 8 total, 8 available
 Memory: 16167M
 Large Page Support: Disabled
 NUMA Support: Disabled
 Compressed Oops: Enabled (Zero based)
 Heap Region Size: 2M
 Heap Min Capacity: 8M
 Heap Initial Capacity: 254M
 Heap Max Capacity: 4042M
 Pre-touch: Disabled
 Parallel Workers: 8
 Concurrent Workers: 2
 Concurrent Refinement Workers: 8
 Periodic GC: Disabled

Heap:
 garbage-first heap   total 319488K, used 95766K [0x0000000703600000, 0x0000000800000000)
  region size 2048K, 21 young (43008K), 3 survivors (6144K)
 Metaspace       used 77628K, committed 77888K, reserved 1179648K
  class space    used 8904K, committed 9024K, reserved 1048576K

Heap Regions: E=young(eden), S=young(survivor), O=old, HS=humongous(starts), HC=humongous(continues), CS=collection set, F=free, OA=open archive, CA=closed archive, TAMS=top-at-mark-start (previous, next)
|   0|0x0000000703600000, 0x0000000703800000, 0x0000000703800000|100%|HS|  |TAMS 0x0000000703800000, 0x0000000703600000| Complete 
|   1|0x0000000703800000, 0x0000000703a00000, 0x0000000703a00000|100%|HC|  |TAMS 0x0000000703a00000, 0x0000000703800000| Complete 
|   2|0x0000000703a00000, 0x0000000703c00000, 0x0000000703c00000|100%| O|  |TAMS 0x0000000703c00000, 0x0000000703a00000| Untracked 
|   3|0x0000000703c00000, 0x0000000703e00000, 0x0000000703e00000|100%| O|  |TAMS 0x0000000703e00000, 0x0000000703c00000| Untracked 
|   4|0x0000000703e00000, 0x0000000704000000, 0x0000000704000000|100%|HS|  |TAMS 0x0000000704000000, 0x0000000703e00000| Complete 
|   5|0x0000000704000000, 0x0000000704000000, 0x0000000704200000|  0%| F|  |TAMS 0x0000000704000000, 0x0000000704000000| Untracked 
|   6|0x0000000704200000, 0x0000000704400000, 0x0000000704400000|100%| O|  |TAMS 0x0000000704400000, 0x0000000704200000| Untracked 
|   7|0x0000000704400000, 0x0000000704600000, 0x0000000704600000|100%| O|  |TAMS 0x0000000704600000, 0x0000000704400000| Untracked 
|   8|0x0000000704600000, 0x0000000704800000, 0x0000000704800000|100%| O|  |TAMS 0x0000000704800000, 0x0000000704600000| Untracked 
|   9|0x0000000704800000, 0x0000000704a00000, 0x0000000704a00000|100%| O|  |TAMS 0x0000000704a00000, 0x0000000704800000| Untracked 
|  10|0x0000000704a00000, 0x0000000704c00000, 0x0000000704c00000|100%| O|  |TAMS 0x0000000704c00000, 0x0000000704a00000| Untracked 
|  11|0x0000000704c00000, 0x0000000704e00000, 0x0000000704e00000|100%| O|  |TAMS 0x0000000704e00000, 0x0000000704c00000| Untracked 
|  12|0x0000000704e00000, 0x0000000705000000, 0x0000000705000000|100%| O|  |TAMS 0x0000000705000000, 0x0000000704e00000| Untracked 
|  13|0x0000000705000000, 0x0000000705200000, 0x0000000705200000|100%| O|  |TAMS 0x00000007051fc200, 0x0000000705000000| Untracked 
|  14|0x0000000705200000, 0x0000000705400000, 0x0000000705400000|100%| O|  |TAMS 0x0000000705200000, 0x0000000705200000| Untracked 
|  15|0x0000000705400000, 0x0000000705600000, 0x0000000705600000|100%| O|  |TAMS 0x0000000705400000, 0x0000000705400000| Untracked 
|  16|0x0000000705600000, 0x0000000705800000, 0x0000000705800000|100%| O|  |TAMS 0x0000000705600000, 0x0000000705600000| Untracked 
|  17|0x0000000705800000, 0x0000000705a00000, 0x0000000705a00000|100%| O|  |TAMS 0x0000000705800000, 0x0000000705800000| Untracked 
|  18|0x0000000705a00000, 0x0000000705c00000, 0x0000000705c00000|100%| O|  |TAMS 0x0000000705a00000, 0x0000000705a00000| Untracked 
|  19|0x0000000705c00000, 0x0000000705e00000, 0x0000000705e00000|100%| O|  |TAMS 0x0000000705c00000, 0x0000000705c00000| Untracked 
|  20|0x0000000705e00000, 0x0000000706000000, 0x0000000706000000|100%| O|  |TAMS 0x0000000705e00000, 0x0000000705e00000| Untracked 
|  21|0x0000000706000000, 0x0000000706200000, 0x0000000706200000|100%| O|  |TAMS 0x0000000706000000, 0x0000000706000000| Untracked 
|  22|0x0000000706200000, 0x0000000706400000, 0x0000000706400000|100%| O|  |TAMS 0x0000000706200000, 0x0000000706200000| Untracked 
|  23|0x0000000706400000, 0x0000000706600000, 0x0000000706600000|100%| O|  |TAMS 0x0000000706400000, 0x0000000706400000| Untracked 
|  24|0x0000000706600000, 0x0000000706800000, 0x0000000706800000|100%| O|  |TAMS 0x0000000706600000, 0x0000000706600000| Untracked 
|  25|0x0000000706800000, 0x0000000706a00000, 0x0000000706a00000|100%| O|  |TAMS 0x0000000706800000, 0x0000000706800000| Untracked 
|  26|0x0000000706a00000, 0x0000000706c00000, 0x0000000706c00000|100%| O|  |TAMS 0x0000000706a00000, 0x0000000706a00000| Untracked 
|  27|0x0000000706c00000, 0x0000000706e00000, 0x0000000706e00000|100%| O|  |TAMS 0x0000000706c00000, 0x0000000706c00000| Untracked 
|  28|0x0000000706e00000, 0x0000000706e00000, 0x0000000707000000|  0%| F|  |TAMS 0x0000000706e00000, 0x0000000706e00000| Untracked 
|  29|0x0000000707000000, 0x0000000707000000, 0x0000000707200000|  0%| F|  |TAMS 0x0000000707000000, 0x0000000707000000| Untracked 
|  30|0x0000000707200000, 0x0000000707200000, 0x0000000707400000|  0%| F|  |TAMS 0x0000000707200000, 0x0000000707200000| Untracked 
|  31|0x0000000707400000, 0x0000000707400000, 0x0000000707600000|  0%| F|  |TAMS 0x0000000707400000, 0x0000000707400000| Untracked 
|  32|0x0000000707600000, 0x0000000707600000, 0x0000000707800000|  0%| F|  |TAMS 0x0000000707600000, 0x0000000707600000| Untracked 
|  33|0x0000000707800000, 0x0000000707800000, 0x0000000707a00000|  0%| F|  |TAMS 0x0000000707800000, 0x0000000707800000| Untracked 
|  34|0x0000000707a00000, 0x0000000707a00000, 0x0000000707c00000|  0%| F|  |TAMS 0x0000000707a00000, 0x0000000707a00000| Untracked 
|  35|0x0000000707c00000, 0x0000000707c00000, 0x0000000707e00000|  0%| F|  |TAMS 0x0000000707c00000, 0x0000000707c00000| Untracked 
|  36|0x0000000707e00000, 0x0000000707e00000, 0x0000000708000000|  0%| F|  |TAMS 0x0000000707e00000, 0x0000000707e00000| Untracked 
|  37|0x0000000708000000, 0x0000000708000000, 0x0000000708200000|  0%| F|  |TAMS 0x0000000708000000, 0x0000000708000000| Untracked 
|  38|0x0000000708200000, 0x0000000708200000, 0x0000000708400000|  0%| F|  |TAMS 0x0000000708200000, 0x0000000708200000| Untracked 
|  39|0x0000000708400000, 0x0000000708400000, 0x0000000708600000|  0%| F|  |TAMS 0x0000000708400000, 0x0000000708400000| Untracked 
|  40|0x0000000708600000, 0x0000000708600000, 0x0000000708800000|  0%| F|  |TAMS 0x0000000708600000, 0x0000000708600000| Untracked 
|  41|0x0000000708800000, 0x0000000708800000, 0x0000000708a00000|  0%| F|  |TAMS 0x0000000708800000, 0x0000000708800000| Untracked 
|  42|0x0000000708a00000, 0x0000000708a00000, 0x0000000708c00000|  0%| F|  |TAMS 0x0000000708a00000, 0x0000000708a00000| Untracked 
|  43|0x0000000708c00000, 0x0000000708d859e8, 0x0000000708e00000| 76%| S|CS|TAMS 0x0000000708c00000, 0x0000000708c00000| Complete 
|  44|0x0000000708e00000, 0x0000000709000000, 0x0000000709000000|100%| S|CS|TAMS 0x0000000708e00000, 0x0000000708e00000| Complete 
|  45|0x0000000709000000, 0x0000000709200000, 0x0000000709200000|100%| S|CS|TAMS 0x0000000709000000, 0x0000000709000000| Complete 
|  46|0x0000000709200000, 0x0000000709200000, 0x0000000709400000|  0%| F|  |TAMS 0x0000000709200000, 0x0000000709200000| Untracked 
|  47|0x0000000709400000, 0x0000000709400000, 0x0000000709600000|  0%| F|  |TAMS 0x0000000709400000, 0x0000000709400000| Untracked 
|  48|0x0000000709600000, 0x0000000709600000, 0x0000000709800000|  0%| F|  |TAMS 0x0000000709600000, 0x0000000709600000| Untracked 
|  49|0x0000000709800000, 0x0000000709800000, 0x0000000709a00000|  0%| F|  |TAMS 0x0000000709800000, 0x0000000709800000| Untracked 
|  50|0x0000000709a00000, 0x0000000709a00000, 0x0000000709c00000|  0%| F|  |TAMS 0x0000000709a00000, 0x0000000709a00000| Untracked 
|  51|0x0000000709c00000, 0x0000000709c00000, 0x0000000709e00000|  0%| F|  |TAMS 0x0000000709c00000, 0x0000000709c00000| Untracked 
|  52|0x0000000709e00000, 0x0000000709e00000, 0x000000070a000000|  0%| F|  |TAMS 0x0000000709e00000, 0x0000000709e00000| Untracked 
|  53|0x000000070a000000, 0x000000070a000000, 0x000000070a200000|  0%| F|  |TAMS 0x000000070a000000, 0x000000070a000000| Untracked 
|  54|0x000000070a200000, 0x000000070a200000, 0x000000070a400000|  0%| F|  |TAMS 0x000000070a200000, 0x000000070a200000| Untracked 
|  55|0x000000070a400000, 0x000000070a400000, 0x000000070a600000|  0%| F|  |TAMS 0x000000070a400000, 0x000000070a400000| Untracked 
|  56|0x000000070a600000, 0x000000070a600000, 0x000000070a800000|  0%| F|  |TAMS 0x000000070a600000, 0x000000070a600000| Untracked 
|  57|0x000000070a800000, 0x000000070a800000, 0x000000070aa00000|  0%| F|  |TAMS 0x000000070a800000, 0x000000070a800000| Untracked 
|  58|0x000000070aa00000, 0x000000070aa00000, 0x000000070ac00000|  0%| F|  |TAMS 0x000000070aa00000, 0x000000070aa00000| Untracked 
|  59|0x000000070ac00000, 0x000000070ac00000, 0x000000070ae00000|  0%| F|  |TAMS 0x000000070ac00000, 0x000000070ac00000| Untracked 
|  60|0x000000070ae00000, 0x000000070ae00000, 0x000000070b000000|  0%| F|  |TAMS 0x000000070ae00000, 0x000000070ae00000| Untracked 
|  61|0x000000070b000000, 0x000000070b000000, 0x000000070b200000|  0%| F|  |TAMS 0x000000070b000000, 0x000000070b000000| Untracked 
|  62|0x000000070b200000, 0x000000070b200000, 0x000000070b400000|  0%| F|  |TAMS 0x000000070b200000, 0x000000070b200000| Untracked 
|  63|0x000000070b400000, 0x000000070b400000, 0x000000070b600000|  0%| F|  |TAMS 0x000000070b400000, 0x000000070b400000| Untracked 
|  64|0x000000070b600000, 0x000000070b600000, 0x000000070b800000|  0%| F|  |TAMS 0x000000070b600000, 0x000000070b600000| Untracked 
|  65|0x000000070b800000, 0x000000070b800000, 0x000000070ba00000|  0%| F|  |TAMS 0x000000070b800000, 0x000000070b800000| Untracked 
|  66|0x000000070ba00000, 0x000000070ba00000, 0x000000070bc00000|  0%| F|  |TAMS 0x000000070ba00000, 0x000000070ba00000| Untracked 
|  67|0x000000070bc00000, 0x000000070bc00000, 0x000000070be00000|  0%| F|  |TAMS 0x000000070bc00000, 0x000000070bc00000| Untracked 
|  68|0x000000070be00000, 0x000000070be00000, 0x000000070c000000|  0%| F|  |TAMS 0x000000070be00000, 0x000000070be00000| Untracked 
|  69|0x000000070c000000, 0x000000070c000000, 0x000000070c200000|  0%| F|  |TAMS 0x000000070c000000, 0x000000070c000000| Untracked 
|  70|0x000000070c200000, 0x000000070c200000, 0x000000070c400000|  0%| F|  |TAMS 0x000000070c200000, 0x000000070c200000| Untracked 
|  71|0x000000070c400000, 0x000000070c400000, 0x000000070c600000|  0%| F|  |TAMS 0x000000070c400000, 0x000000070c400000| Untracked 
|  72|0x000000070c600000, 0x000000070c600000, 0x000000070c800000|  0%| F|  |TAMS 0x000000070c600000, 0x000000070c600000| Untracked 
|  73|0x000000070c800000, 0x000000070c800000, 0x000000070ca00000|  0%| F|  |TAMS 0x000000070c800000, 0x000000070c800000| Untracked 
|  74|0x000000070ca00000, 0x000000070ca00000, 0x000000070cc00000|  0%| F|  |TAMS 0x000000070ca00000, 0x000000070ca00000| Untracked 
|  75|0x000000070cc00000, 0x000000070cc00000, 0x000000070ce00000|  0%| F|  |TAMS 0x000000070cc00000, 0x000000070cc00000| Untracked 
|  76|0x000000070ce00000, 0x000000070ce00000, 0x000000070d000000|  0%| F|  |TAMS 0x000000070ce00000, 0x000000070ce00000| Untracked 
|  77|0x000000070d000000, 0x000000070d000000, 0x000000070d200000|  0%| F|  |TAMS 0x000000070d000000, 0x000000070d000000| Untracked 
|  78|0x000000070d200000, 0x000000070d200000, 0x000000070d400000|  0%| F|  |TAMS 0x000000070d200000, 0x000000070d200000| Untracked 
|  79|0x000000070d400000, 0x000000070d400000, 0x000000070d600000|  0%| F|  |TAMS 0x000000070d400000, 0x000000070d400000| Untracked 
|  80|0x000000070d600000, 0x000000070d600000, 0x000000070d800000|  0%| F|  |TAMS 0x000000070d600000, 0x000000070d600000| Untracked 
|  81|0x000000070d800000, 0x000000070d800000, 0x000000070da00000|  0%| F|  |TAMS 0x000000070d800000, 0x000000070d800000| Untracked 
|  82|0x000000070da00000, 0x000000070da00000, 0x000000070dc00000|  0%| F|  |TAMS 0x000000070da00000, 0x000000070da00000| Untracked 
|  83|0x000000070dc00000, 0x000000070dc00000, 0x000000070de00000|  0%| F|  |TAMS 0x000000070dc00000, 0x000000070dc00000| Untracked 
|  84|0x000000070de00000, 0x000000070de00000, 0x000000070e000000|  0%| F|  |TAMS 0x000000070de00000, 0x000000070de00000| Untracked 
|  85|0x000000070e000000, 0x000000070e000000, 0x000000070e200000|  0%| F|  |TAMS 0x000000070e000000, 0x000000070e000000| Untracked 
|  86|0x000000070e200000, 0x000000070e200000, 0x000000070e400000|  0%| F|  |TAMS 0x000000070e200000, 0x000000070e200000| Untracked 
|  87|0x000000070e400000, 0x000000070e400000, 0x000000070e600000|  0%| F|  |TAMS 0x000000070e400000, 0x000000070e400000| Untracked 
|  88|0x000000070e600000, 0x000000070e600000, 0x000000070e800000|  0%| F|  |TAMS 0x000000070e600000, 0x000000070e600000| Untracked 
|  89|0x000000070e800000, 0x000000070e800000, 0x000000070ea00000|  0%| F|  |TAMS 0x000000070e800000, 0x000000070e800000| Untracked 
|  90|0x000000070ea00000, 0x000000070ea00000, 0x000000070ec00000|  0%| F|  |TAMS 0x000000070ea00000, 0x000000070ea00000| Untracked 
|  91|0x000000070ec00000, 0x000000070ec00000, 0x000000070ee00000|  0%| F|  |TAMS 0x000000070ec00000, 0x000000070ec00000| Untracked 
|  92|0x000000070ee00000, 0x000000070ee00000, 0x000000070f000000|  0%| F|  |TAMS 0x000000070ee00000, 0x000000070ee00000| Untracked 
|  93|0x000000070f000000, 0x000000070f000000, 0x000000070f200000|  0%| F|  |TAMS 0x000000070f000000, 0x000000070f000000| Untracked 
|  94|0x000000070f200000, 0x000000070f200000, 0x000000070f400000|  0%| F|  |TAMS 0x000000070f200000, 0x000000070f200000| Untracked 
|  95|0x000000070f400000, 0x000000070f400000, 0x000000070f600000|  0%| F|  |TAMS 0x000000070f400000, 0x000000070f400000| Untracked 
|  96|0x000000070f600000, 0x000000070f600000, 0x000000070f800000|  0%| F|  |TAMS 0x000000070f600000, 0x000000070f600000| Untracked 
|  97|0x000000070f800000, 0x000000070f800000, 0x000000070fa00000|  0%| F|  |TAMS 0x000000070f800000, 0x000000070f800000| Untracked 
|  98|0x000000070fa00000, 0x000000070fa00000, 0x000000070fc00000|  0%| F|  |TAMS 0x000000070fa00000, 0x000000070fa00000| Untracked 
|  99|0x000000070fc00000, 0x000000070fc00000, 0x000000070fe00000|  0%| F|  |TAMS 0x000000070fc00000, 0x000000070fc00000| Untracked 
| 100|0x000000070fe00000, 0x000000070fe00000, 0x0000000710000000|  0%| F|  |TAMS 0x000000070fe00000, 0x000000070fe00000| Untracked 
| 101|0x0000000710000000, 0x0000000710000000, 0x0000000710200000|  0%| F|  |TAMS 0x0000000710000000, 0x0000000710000000| Untracked 
| 102|0x0000000710200000, 0x0000000710200000, 0x0000000710400000|  0%| F|  |TAMS 0x0000000710200000, 0x0000000710200000| Untracked 
| 103|0x0000000710400000, 0x0000000710400000, 0x0000000710600000|  0%| F|  |TAMS 0x0000000710400000, 0x0000000710400000| Untracked 
| 104|0x0000000710600000, 0x0000000710600000, 0x0000000710800000|  0%| F|  |TAMS 0x0000000710600000, 0x0000000710600000| Untracked 
| 105|0x0000000710800000, 0x0000000710800000, 0x0000000710a00000|  0%| F|  |TAMS 0x0000000710800000, 0x0000000710800000| Untracked 
| 106|0x0000000710a00000, 0x0000000710a00000, 0x0000000710c00000|  0%| F|  |TAMS 0x0000000710a00000, 0x0000000710a00000| Untracked 
| 107|0x0000000710c00000, 0x0000000710c00000, 0x0000000710e00000|  0%| F|  |TAMS 0x0000000710c00000, 0x0000000710c00000| Untracked 
| 108|0x0000000710e00000, 0x0000000710e00000, 0x0000000711000000|  0%| F|  |TAMS 0x0000000710e00000, 0x0000000710e00000| Untracked 
| 109|0x0000000711000000, 0x0000000711000000, 0x0000000711200000|  0%| F|  |TAMS 0x0000000711000000, 0x0000000711000000| Untracked 
| 110|0x0000000711200000, 0x0000000711200000, 0x0000000711400000|  0%| F|  |TAMS 0x0000000711200000, 0x0000000711200000| Untracked 
| 111|0x0000000711400000, 0x0000000711400000, 0x0000000711600000|  0%| F|  |TAMS 0x0000000711400000, 0x0000000711400000| Untracked 
| 112|0x0000000711600000, 0x0000000711600000, 0x0000000711800000|  0%| F|  |TAMS 0x0000000711600000, 0x0000000711600000| Untracked 
| 113|0x0000000711800000, 0x0000000711800000, 0x0000000711a00000|  0%| F|  |TAMS 0x0000000711800000, 0x0000000711800000| Untracked 
| 114|0x0000000711a00000, 0x0000000711a00000, 0x0000000711c00000|  0%| F|  |TAMS 0x0000000711a00000, 0x0000000711a00000| Untracked 
| 115|0x0000000711c00000, 0x0000000711c00000, 0x0000000711e00000|  0%| F|  |TAMS 0x0000000711c00000, 0x0000000711c00000| Untracked 
| 116|0x0000000711e00000, 0x0000000711e00000, 0x0000000712000000|  0%| F|  |TAMS 0x0000000711e00000, 0x0000000711e00000| Untracked 
| 117|0x0000000712000000, 0x0000000712000000, 0x0000000712200000|  0%| F|  |TAMS 0x0000000712000000, 0x0000000712000000| Untracked 
| 118|0x0000000712200000, 0x0000000712200000, 0x0000000712400000|  0%| F|  |TAMS 0x0000000712200000, 0x0000000712200000| Untracked 
| 119|0x0000000712400000, 0x0000000712400000, 0x0000000712600000|  0%| F|  |TAMS 0x0000000712400000, 0x0000000712400000| Untracked 
| 120|0x0000000712600000, 0x0000000712600000, 0x0000000712800000|  0%| F|  |TAMS 0x0000000712600000, 0x0000000712600000| Untracked 
| 121|0x0000000712800000, 0x0000000712800000, 0x0000000712a00000|  0%| F|  |TAMS 0x0000000712800000, 0x0000000712800000| Untracked 
| 122|0x0000000712a00000, 0x0000000712a00000, 0x0000000712c00000|  0%| F|  |TAMS 0x0000000712a00000, 0x0000000712a00000| Untracked 
| 123|0x0000000712c00000, 0x0000000712c00000, 0x0000000712e00000|  0%| F|  |TAMS 0x0000000712c00000, 0x0000000712c00000| Untracked 
| 124|0x0000000712e00000, 0x0000000712e00000, 0x0000000713000000|  0%| F|  |TAMS 0x0000000712e00000, 0x0000000712e00000| Untracked 
| 125|0x0000000713000000, 0x0000000713000000, 0x0000000713200000|  0%| F|  |TAMS 0x0000000713000000, 0x0000000713000000| Untracked 
| 126|0x0000000713200000, 0x0000000713200000, 0x0000000713400000|  0%| F|  |TAMS 0x0000000713200000, 0x0000000713200000| Untracked 
| 127|0x0000000713400000, 0x0000000713400000, 0x0000000713600000|  0%| F|  |TAMS 0x0000000713400000, 0x0000000713400000| Untracked 
| 128|0x0000000713600000, 0x0000000713600000, 0x0000000713800000|  0%| F|  |TAMS 0x0000000713600000, 0x0000000713600000| Untracked 
| 129|0x0000000713800000, 0x0000000713800000, 0x0000000713a00000|  0%| F|  |TAMS 0x0000000713800000, 0x0000000713800000| Untracked 
| 130|0x0000000713a00000, 0x0000000713a00000, 0x0000000713c00000|  0%| F|  |TAMS 0x0000000713a00000, 0x0000000713a00000| Untracked 
| 131|0x0000000713c00000, 0x0000000713c00000, 0x0000000713e00000|  0%| F|  |TAMS 0x0000000713c00000, 0x0000000713c00000| Untracked 
| 132|0x0000000713e00000, 0x0000000713e00000, 0x0000000714000000|  0%| F|  |TAMS 0x0000000713e00000, 0x0000000713e00000| Untracked 
| 133|0x0000000714000000, 0x0000000714000000, 0x0000000714200000|  0%| F|  |TAMS 0x0000000714000000, 0x0000000714000000| Untracked 
| 134|0x0000000714200000, 0x0000000714200000, 0x0000000714400000|  0%| F|  |TAMS 0x0000000714200000, 0x0000000714200000| Untracked 
| 135|0x0000000714400000, 0x0000000714400000, 0x0000000714600000|  0%| F|  |TAMS 0x0000000714400000, 0x0000000714400000| Untracked 
| 136|0x0000000714600000, 0x0000000714600000, 0x0000000714800000|  0%| F|  |TAMS 0x0000000714600000, 0x0000000714600000| Untracked 
| 137|0x0000000714800000, 0x0000000714900800, 0x0000000714a00000| 50%| E|  |TAMS 0x0000000714800000, 0x0000000714800000| Complete 
| 138|0x0000000714a00000, 0x0000000714c00000, 0x0000000714c00000|100%| E|CS|TAMS 0x0000000714a00000, 0x0000000714a00000| Complete 
| 139|0x0000000714c00000, 0x0000000714e00000, 0x0000000714e00000|100%| E|CS|TAMS 0x0000000714c00000, 0x0000000714c00000| Complete 
| 140|0x0000000714e00000, 0x0000000715000000, 0x0000000715000000|100%| E|CS|TAMS 0x0000000714e00000, 0x0000000714e00000| Complete 
| 141|0x0000000715000000, 0x0000000715200000, 0x0000000715200000|100%| E|CS|TAMS 0x0000000715000000, 0x0000000715000000| Complete 
| 142|0x0000000715200000, 0x0000000715400000, 0x0000000715400000|100%| E|CS|TAMS 0x0000000715200000, 0x0000000715200000| Complete 
| 143|0x0000000715400000, 0x0000000715600000, 0x0000000715600000|100%| E|CS|TAMS 0x0000000715400000, 0x0000000715400000| Complete 
| 144|0x0000000715600000, 0x0000000715800000, 0x0000000715800000|100%| E|CS|TAMS 0x0000000715600000, 0x0000000715600000| Complete 
| 145|0x0000000715800000, 0x0000000715a00000, 0x0000000715a00000|100%| E|CS|TAMS 0x0000000715800000, 0x0000000715800000| Complete 
| 146|0x0000000715a00000, 0x0000000715c00000, 0x0000000715c00000|100%| E|CS|TAMS 0x0000000715a00000, 0x0000000715a00000| Complete 
| 147|0x0000000715c00000, 0x0000000715e00000, 0x0000000715e00000|100%| E|CS|TAMS 0x0000000715c00000, 0x0000000715c00000| Complete 
| 148|0x0000000715e00000, 0x0000000716000000, 0x0000000716000000|100%| E|CS|TAMS 0x0000000715e00000, 0x0000000715e00000| Complete 
| 149|0x0000000716000000, 0x0000000716200000, 0x0000000716200000|100%| E|CS|TAMS 0x0000000716000000, 0x0000000716000000| Complete 
| 150|0x0000000716200000, 0x0000000716400000, 0x0000000716400000|100%| E|CS|TAMS 0x0000000716200000, 0x0000000716200000| Complete 
| 151|0x0000000716400000, 0x0000000716600000, 0x0000000716600000|100%| E|CS|TAMS 0x0000000716400000, 0x0000000716400000| Complete 
| 152|0x0000000716600000, 0x0000000716800000, 0x0000000716800000|100%| E|CS|TAMS 0x0000000716600000, 0x0000000716600000| Complete 
| 153|0x0000000716800000, 0x0000000716a00000, 0x0000000716a00000|100%| E|CS|TAMS 0x0000000716800000, 0x0000000716800000| Complete 
| 154|0x0000000716a00000, 0x0000000716c00000, 0x0000000716c00000|100%| E|CS|TAMS 0x0000000716a00000, 0x0000000716a00000| Complete 
| 155|0x0000000716c00000, 0x0000000716e00000, 0x0000000716e00000|100%| E|CS|TAMS 0x0000000716c00000, 0x0000000716c00000| Complete 

Card table byte_map: [0x00000254ea620000,0x00000254eae10000] _byte_map_base: 0x00000254e6e05000

Marking Bits (Prev, Next): (CMBitMap*) 0x00000254d769a140, (CMBitMap*) 0x00000254d769a100
 Prev Bits: [0x00000254ef530000, 0x00000254f3458000)
 Next Bits: [0x00000254eb600000, 0x00000254ef528000)

Polling page: 0x00000254d5570000

Metaspace:

Usage:
  Non-class:     67.13 MB used.
      Class:      8.70 MB used.
       Both:     75.83 MB used.

Virtual space:
  Non-class space:      128.00 MB reserved,      67.31 MB ( 53%) committed,  2 nodes.
      Class space:        1.00 GB reserved,       8.81 MB ( <1%) committed,  1 nodes.
             Both:        1.12 GB reserved,      76.12 MB (  7%) committed. 

Chunk freelists:
   Non-Class:  11.86 MB
       Class:  7.19 MB
        Both:  19.03 MB

MaxMetaspaceSize: unlimited
CompressedClassSpaceSize: 1.00 GB
Initial GC threshold: 21.00 MB
Current GC threshold: 98.44 MB
CDS: off
MetaspaceReclaimPolicy: balanced
 - commit_granule_bytes: 65536.
 - commit_granule_words: 8192.
 - virtual_space_node_default_size: 8388608.
 - enlarge_chunks_in_place: 1.
 - new_chunks_are_fully_committed: 0.
 - uncommit_free_chunks: 1.
 - use_allocation_guard: 0.
 - handle_deallocations: 1.


Internal statistics:

num_allocs_failed_limit: 9.
num_arena_births: 352.
num_arena_deaths: 0.
num_vsnodes_births: 3.
num_vsnodes_deaths: 0.
num_space_committed: 1216.
num_space_uncommitted: 0.
num_chunks_returned_to_freelist: 9.
num_chunks_taken_from_freelist: 2876.
num_chunk_merges: 9.
num_chunk_splits: 2334.
num_chunks_enlarged: 2050.
num_inconsistent_stats: 0.

CodeHeap 'non-profiled nmethods': size=120000Kb used=5462Kb max_used=5462Kb free=114537Kb
 bounds [0x00000254e25d0000, 0x00000254e2b30000, 0x00000254e9b00000]
CodeHeap 'profiled nmethods': size=120000Kb used=29442Kb max_used=29442Kb free=90557Kb
 bounds [0x00000254dab00000, 0x00000254dc7d0000, 0x00000254e2030000]
CodeHeap 'non-nmethods': size=5760Kb used=1390Kb max_used=1439Kb free=4370Kb
 bounds [0x00000254e2030000, 0x00000254e22a0000, 0x00000254e25d0000]
 total_blobs=10815 nmethods=10107 adapters=617
 compilation: enabled
              stopped_count=0, restarted_count=0
 full_count=0

Compilation events (20 events):
Event: 11.010 Thread 0x00000254fa0b7060 nmethod 11934 0x00000254dc798710 code [0x00000254dc798920, 0x00000254dc798fc8]
Event: 11.010 Thread 0x00000254fa0b7060 11935       1       org.jetbrains.kotlin.ir.declarations.impl.IrClassImpl::getKind (5 bytes)
Event: 11.010 Thread 0x00000254fa0b7060 nmethod 11935 0x00000254e2b24890 code [0x00000254e2b24a20, 0x00000254e2b24af8]
Event: 11.010 Thread 0x00000254fa0b7060 11931       1       org.jetbrains.kotlin.ir.declarations.impl.IrTypeParameterImpl::getAnnotations (5 bytes)
Event: 11.010 Thread 0x00000254fa0b7060 nmethod 11931 0x00000254e2b24b90 code [0x00000254e2b24d20, 0x00000254e2b24df8]
Event: 11.010 Thread 0x00000254fa0b7060 11937       1       org.jetbrains.kotlin.ir.declarations.impl.IrFieldImpl::getAnnotations (5 bytes)
Event: 11.010 Thread 0x00000254fa0b7060 nmethod 11937 0x00000254e2b24e90 code [0x00000254e2b25020, 0x00000254e2b250f8]
Event: 11.012 Thread 0x00000254fa0b7060 11938       3       org.jetbrains.kotlin.backend.common.ClassLoweringVisitor::visitElement (15 bytes)
Event: 11.013 Thread 0x00000254fa0b7060 nmethod 11938 0x00000254dc799290 code [0x00000254dc799540, 0x00000254dc79a148]
Event: 11.013 Thread 0x00000254fa0b7060 11941       3       org.jetbrains.kotlin.backend.common.ClassLoweringVisitor::visitDeclaration (6 bytes)
Event: 11.014 Thread 0x00000254fa0b7060 nmethod 11941 0x00000254dc79a590 code [0x00000254dc79a8c0, 0x00000254dc79b948]
Event: 11.014 Thread 0x00000254fa0b7060 11948       3       org.jetbrains.kotlin.ir.declarations.IrProperty::acceptChildren (61 bytes)
Event: 11.015 Thread 0x00000254fa0b7060 nmethod 11948 0x00000254dc79bf10 code [0x00000254dc79c320, 0x00000254dc79df78]
Event: 11.015 Thread 0x00000254fa0b7060 11942       3       org.jetbrains.kotlin.backend.common.ClassLoweringVisitor::visitValueParameter (13 bytes)
Event: 11.015 Thread 0x00000254fa0b7060 nmethod 11942 0x00000254dc79e810 code [0x00000254dc79eb00, 0x00000254dc79f9e8]
Event: 11.016 Thread 0x00000254fa0b7060 11943       3       org.jetbrains.kotlin.backend.common.ClassLoweringVisitor::visitValueParameter (7 bytes)
Event: 11.016 Thread 0x00000254fa0b7060 nmethod 11943 0x00000254dc79ff10 code [0x00000254dc7a0200, 0x00000254dc7a0f88]
Event: 11.017 Thread 0x00000254fa0b7060 11944       3       org.jetbrains.kotlin.backend.common.ClassLoweringVisitor::visitValueParameter (6 bytes)
Event: 11.018 Thread 0x00000254fa0b7060 nmethod 11944 0x00000254dc7a1490 code [0x00000254dc7a17a0, 0x00000254dc7a2688]
Event: 11.018 Thread 0x00000254fa0b7060 11939       3       org.jetbrains.kotlin.backend.common.ClassLoweringVisitor::visitExpression (6 bytes)

GC Heap History (20 events):
Event: 2.130 GC heap before
{Heap before GC invocations=5 (full 0):
 garbage-first heap   total 40960K, used 27671K [0x0000000703600000, 0x0000000800000000)
  region size 2048K, 8 young (16384K), 2 survivors (4096K)
 Metaspace       used 34117K, committed 34368K, reserved 1114112K
  class space    used 4417K, committed 4544K, reserved 1048576K
}
Event: 2.137 GC heap after
{Heap after GC invocations=6 (full 0):
 garbage-first heap   total 40960K, used 17208K [0x0000000703600000, 0x0000000800000000)
  region size 2048K, 1 young (2048K), 1 survivors (2048K)
 Metaspace       used 34117K, committed 34368K, reserved 1114112K
  class space    used 4417K, committed 4544K, reserved 1048576K
}
Event: 2.245 GC heap before
{Heap before GC invocations=6 (full 0):
 garbage-first heap   total 40960K, used 23352K [0x0000000703600000, 0x0000000800000000)
  region size 2048K, 5 young (10240K), 1 survivors (2048K)
 Metaspace       used 35732K, committed 35968K, reserved 1114112K
  class space    used 4610K, committed 4736K, reserved 1048576K
}
Event: 2.249 GC heap after
{Heap after GC invocations=7 (full 0):
 garbage-first heap   total 40960K, used 16231K [0x0000000703600000, 0x0000000800000000)
  region size 2048K, 1 young (2048K), 1 survivors (2048K)
 Metaspace       used 35732K, committed 35968K, reserved 1114112K
  class space    used 4610K, committed 4736K, reserved 1048576K
}
Event: 2.435 GC heap before
{Heap before GC invocations=8 (full 0):
 garbage-first heap   total 40960K, used 28519K [0x0000000703600000, 0x0000000800000000)
  region size 2048K, 7 young (14336K), 1 survivors (2048K)
 Metaspace       used 38026K, committed 38272K, reserved 1114112K
  class space    used 4850K, committed 4928K, reserved 1048576K
}
Event: 2.439 GC heap after
{Heap after GC invocations=9 (full 0):
 garbage-first heap   total 40960K, used 17468K [0x0000000703600000, 0x0000000800000000)
  region size 2048K, 1 young (2048K), 1 survivors (2048K)
 Metaspace       used 38026K, committed 38272K, reserved 1114112K
  class space    used 4850K, committed 4928K, reserved 1048576K
}
Event: 2.463 GC heap before
{Heap before GC invocations=9 (full 0):
 garbage-first heap   total 40960K, used 19516K [0x0000000703600000, 0x0000000800000000)
  region size 2048K, 2 young (4096K), 1 survivors (2048K)
 Metaspace       used 38448K, committed 38656K, reserved 1114112K
  class space    used 4888K, committed 4992K, reserved 1048576K
}
Event: 2.469 GC heap after
{Heap after GC invocations=10 (full 0):
 garbage-first heap   total 151552K, used 17206K [0x0000000703600000, 0x0000000800000000)
  region size 2048K, 1 young (2048K), 1 survivors (2048K)
 Metaspace       used 38448K, committed 38656K, reserved 1114112K
  class space    used 4888K, committed 4992K, reserved 1048576K
}
Event: 3.760 GC heap before
{Heap before GC invocations=10 (full 0):
 garbage-first heap   total 151552K, used 107318K [0x0000000703600000, 0x0000000800000000)
  region size 2048K, 44 young (90112K), 1 survivors (2048K)
 Metaspace       used 50501K, committed 50752K, reserved 1114112K
  class space    used 6157K, committed 6272K, reserved 1048576K
}
Event: 3.780 GC heap after
{Heap after GC invocations=11 (full 0):
 garbage-first heap   total 151552K, used 28643K [0x0000000703600000, 0x0000000800000000)
  region size 2048K, 5 young (10240K), 5 survivors (10240K)
 Metaspace       used 50501K, committed 50752K, reserved 1114112K
  class space    used 6157K, committed 6272K, reserved 1048576K
}
Event: 5.027 GC heap before
{Heap before GC invocations=11 (full 0):
 garbage-first heap   total 151552K, used 102371K [0x0000000703600000, 0x0000000800000000)
  region size 2048K, 41 young (83968K), 5 survivors (10240K)
 Metaspace       used 56204K, committed 56512K, reserved 1114112K
  class space    used 6677K, committed 6784K, reserved 1048576K
}
Event: 5.042 GC heap after
{Heap after GC invocations=12 (full 0):
 garbage-first heap   total 151552K, used 40230K [0x0000000703600000, 0x0000000800000000)
  region size 2048K, 6 young (12288K), 6 survivors (12288K)
 Metaspace       used 56204K, committed 56512K, reserved 1114112K
  class space    used 6677K, committed 6784K, reserved 1048576K
}
Event: 5.692 GC heap before
{Heap before GC invocations=12 (full 0):
 garbage-first heap   total 151552K, used 89382K [0x0000000703600000, 0x0000000800000000)
  region size 2048K, 31 young (63488K), 6 survivors (12288K)
 Metaspace       used 59885K, committed 60160K, reserved 1114112K
  class space    used 7169K, committed 7296K, reserved 1048576K
}
Event: 5.707 GC heap after
{Heap after GC invocations=13 (full 0):
 garbage-first heap   total 151552K, used 46215K [0x0000000703600000, 0x0000000800000000)
  region size 2048K, 3 young (6144K), 3 survivors (6144K)
 Metaspace       used 59885K, committed 60160K, reserved 1114112K
  class space    used 7169K, committed 7296K, reserved 1048576K
}
Event: 8.179 GC heap before
{Heap before GC invocations=14 (full 0):
 garbage-first heap   total 151552K, used 107655K [0x0000000703600000, 0x0000000800000000)
  region size 2048K, 33 young (67584K), 3 survivors (6144K)
 Metaspace       used 65613K, committed 65920K, reserved 1114112K
  class space    used 7713K, committed 7872K, reserved 1048576K
}
Event: 8.200 GC heap after
{Heap after GC invocations=15 (full 0):
 garbage-first heap   total 151552K, used 55263K [0x0000000703600000, 0x0000000800000000)
  region size 2048K, 5 young (10240K), 5 survivors (10240K)
 Metaspace       used 65613K, committed 65920K, reserved 1114112K
  class space    used 7713K, committed 7872K, reserved 1048576K
}
Event: 8.280 GC heap before
{Heap before GC invocations=15 (full 0):
 garbage-first heap   total 151552K, used 57311K [0x0000000703600000, 0x0000000800000000)
  region size 2048K, 6 young (12288K), 5 survivors (10240K)
 Metaspace       used 65703K, committed 65984K, reserved 1114112K
  class space    used 7716K, committed 7872K, reserved 1048576K
}
Event: 8.320 GC heap after
{Heap after GC invocations=16 (full 0):
 garbage-first heap   total 151552K, used 57118K [0x0000000703600000, 0x0000000800000000)
  region size 2048K, 1 young (2048K), 1 survivors (2048K)
 Metaspace       used 65703K, committed 65984K, reserved 1114112K
  class space    used 7716K, committed 7872K, reserved 1048576K
}
Event: 10.181 GC heap before
{Heap before GC invocations=16 (full 0):
 garbage-first heap   total 151552K, used 112414K [0x0000000703600000, 0x0000000800000000)
  region size 2048K, 28 young (57344K), 1 survivors (2048K)
 Metaspace       used 72862K, committed 73152K, reserved 1114112K
  class space    used 8435K, committed 8576K, reserved 1048576K
}
Event: 10.193 GC heap after
{Heap after GC invocations=17 (full 0):
 garbage-first heap   total 319488K, used 60950K [0x0000000703600000, 0x0000000800000000)
  region size 2048K, 3 young (6144K), 3 survivors (6144K)
 Metaspace       used 72862K, committed 73152K, reserved 1114112K
  class space    used 8435K, committed 8576K, reserved 1048576K
}

Dll operation events (2 events):
Event: 0.006 Loaded shared library C:\Program Files\Android\Android Studio\jbr\bin\java.dll
Event: 1.132 Loaded shared library C:\Program Files\Android\Android Studio\jbr\bin\verify.dll

Deoptimization events (20 events):
Event: 10.923 Thread 0x00000254d762c3a0 Uncommon trap: trap_request=0xffffffde fr.pc=0x00000254e2a8133c relative=0x000000000000025c
Event: 10.923 Thread 0x00000254d762c3a0 Uncommon trap: reason=class_check action=maybe_recompile pc=0x00000254e2a8133c method=org.jetbrains.kotlin.com.intellij.extapi.psi.ASTDelegatePsiElement.getTextRange()Lorg/jetbrains/kotlin/com/intellij/openapi/util/TextRange; @ 4 c2
Event: 10.923 Thread 0x00000254d762c3a0 DEOPT PACKING pc=0x00000254e2a8133c sp=0x000000a6b50fc1e0
Event: 10.923 Thread 0x00000254d762c3a0 DEOPT UNPACKING pc=0x00000254e208a1a3 sp=0x000000a6b50fc188 mode 2
Event: 10.969 Thread 0x00000254d762c3a0 Uncommon trap: trap_request=0xffffffc6 fr.pc=0x00000254e2b1ed34 relative=0x0000000000000e14
Event: 10.969 Thread 0x00000254d762c3a0 Uncommon trap: reason=bimorphic_or_optimized_type_check action=maybe_recompile pc=0x00000254e2b1ed34 method=org.jetbrains.kotlin.ir.visitors.IrElementTransformerVoid.visitValueParameter(Lorg/jetbrains/kotlin/ir/declarations/IrValueParameter;Ljava/lang/Voi
Event: 10.970 Thread 0x00000254d762c3a0 DEOPT PACKING pc=0x00000254e2b1ed34 sp=0x000000a6b50fd900
Event: 10.970 Thread 0x00000254d762c3a0 DEOPT UNPACKING pc=0x00000254e208a1a3 sp=0x000000a6b50fd870 mode 2
Event: 10.970 Thread 0x00000254d762c3a0 Uncommon trap: trap_request=0xffffffc6 fr.pc=0x00000254e2b1ed34 relative=0x0000000000000e14
Event: 10.970 Thread 0x00000254d762c3a0 Uncommon trap: reason=bimorphic_or_optimized_type_check action=maybe_recompile pc=0x00000254e2b1ed34 method=org.jetbrains.kotlin.ir.visitors.IrElementTransformerVoid.visitValueParameter(Lorg/jetbrains/kotlin/ir/declarations/IrValueParameter;Ljava/lang/Voi
Event: 10.970 Thread 0x00000254d762c3a0 DEOPT PACKING pc=0x00000254e2b1ed34 sp=0x000000a6b50fd870
Event: 10.970 Thread 0x00000254d762c3a0 DEOPT UNPACKING pc=0x00000254e208a1a3 sp=0x000000a6b50fd7e0 mode 2
Event: 10.970 Thread 0x00000254d762c3a0 Uncommon trap: trap_request=0xffffffc6 fr.pc=0x00000254e2b1ed34 relative=0x0000000000000e14
Event: 10.970 Thread 0x00000254d762c3a0 Uncommon trap: reason=bimorphic_or_optimized_type_check action=maybe_recompile pc=0x00000254e2b1ed34 method=org.jetbrains.kotlin.ir.visitors.IrElementTransformerVoid.visitValueParameter(Lorg/jetbrains/kotlin/ir/declarations/IrValueParameter;Ljava/lang/Voi
Event: 10.970 Thread 0x00000254d762c3a0 DEOPT PACKING pc=0x00000254e2b1ed34 sp=0x000000a6b50fd870
Event: 10.970 Thread 0x00000254d762c3a0 DEOPT UNPACKING pc=0x00000254e208a1a3 sp=0x000000a6b50fd7e0 mode 2
Event: 10.970 Thread 0x00000254d762c3a0 Uncommon trap: trap_request=0xffffffc6 fr.pc=0x00000254e2b1ed34 relative=0x0000000000000e14
Event: 10.970 Thread 0x00000254d762c3a0 Uncommon trap: reason=bimorphic_or_optimized_type_check action=maybe_recompile pc=0x00000254e2b1ed34 method=org.jetbrains.kotlin.ir.visitors.IrElementTransformerVoid.visitValueParameter(Lorg/jetbrains/kotlin/ir/declarations/IrValueParameter;Ljava/lang/Voi
Event: 10.970 Thread 0x00000254d762c3a0 DEOPT PACKING pc=0x00000254e2b1ed34 sp=0x000000a6b50fd870
Event: 10.970 Thread 0x00000254d762c3a0 DEOPT UNPACKING pc=0x00000254e208a1a3 sp=0x000000a6b50fd7e0 mode 2

Classes unloaded (0 events):
No events

Classes redefined (0 events):
No events

Internal exceptions (20 events):
Event: 5.415 Thread 0x00000254d762c3a0 Implicit null exception at 0x00000254e28d33a5 to 0x00000254e28d4b98
Event: 5.415 Thread 0x00000254d762c3a0 Implicit null exception at 0x00000254e26d3b15 to 0x00000254e26d3c04
Event: 5.424 Thread 0x00000254d762c3a0 Implicit null exception at 0x00000254e26f7fcc to 0x00000254e26f80b4
Event: 5.450 Thread 0x00000254d762c3a0 Implicit null exception at 0x00000254e28d06d7 to 0x00000254e28d1f50
Event: 5.450 Thread 0x00000254d762c3a0 Implicit null exception at 0x00000254e2634258 to 0x00000254e26342ee
Event: 5.568 Thread 0x00000254d762c3a0 Exception <a 'java/lang/NoSuchMethodError'{0x0000000709c25248}: 'java.lang.Object java.lang.invoke.DirectMethodHandle$Holder.invokeInterface(java.lang.Object, java.lang.Object, java.lang.Object)'> (0x0000000709c25248) 
thrown [s\src\hotspot\share\interpreter\linkResolver.cpp, line 771]
Event: 5.569 Thread 0x00000254d762c3a0 Exception <a 'java/lang/IncompatibleClassChangeError'{0x0000000709c293b0}: Found class java.lang.Object, but interface was expected> (0x0000000709c293b0) 
thrown [s\src\hotspot\share\interpreter\linkResolver.cpp, line 838]
Event: 5.815 Thread 0x00000254d762c3a0 Exception <a 'java/lang/NoSuchMethodError'{0x0000000710d8fb20}: 'void java.lang.invoke.DirectMethodHandle$Holder.invokeSpecial(java.lang.Object, java.lang.Object, int, java.lang.Object)'> (0x0000000710d8fb20) 
thrown [s\src\hotspot\share\interpreter\linkResolver.cpp, line 771]
Event: 5.829 Thread 0x00000254d762c3a0 Exception <a 'java/lang/NoSuchMethodError'{0x0000000710a03d60}: 'java.lang.Object java.lang.invoke.DirectMethodHandle$Holder.invokeStatic(java.lang.Object, java.lang.Object, java.lang.Object, java.lang.Object, int)'> (0x0000000710a03d60) 
thrown [s\src\hotspot\share\interpreter\linkResolver.cpp, line 771]
Event: 5.830 Thread 0x00000254d762c3a0 Exception <a 'java/lang/NoSuchMethodError'{0x0000000710a0d950}: 'java.lang.Object java.lang.invoke.DirectMethodHandle$Holder.newInvokeSpecial(java.lang.Object, java.lang.Object, java.lang.Object, java.lang.Object, int)'> (0x0000000710a0d950) 
thrown [s\src\hotspot\share\interpreter\linkResolver.cpp, line 771]
Event: 5.830 Thread 0x00000254d762c3a0 Exception <a 'java/lang/NoSuchMethodError'{0x0000000710a15a20}: 'java.lang.Object java.lang.invoke.Invokers$Holder.linkToTargetMethod(java.lang.Object, java.lang.Object, java.lang.Object, int, java.lang.Object)'> (0x0000000710a15a20) 
thrown [s\src\hotspot\share\interpreter\linkResolver.cpp, line 771]
Event: 5.871 Thread 0x00000254d762c3a0 Exception <a 'java/lang/NoSuchMethodError'{0x0000000710beb5b8}: 'void java.lang.invoke.DirectMethodHandle$Holder.invokeInterface(java.lang.Object, java.lang.Object)'> (0x0000000710beb5b8) 
thrown [s\src\hotspot\share\interpreter\linkResolver.cpp, line 771]
Event: 5.909 Thread 0x00000254d762c3a0 Exception <a 'java/lang/IncompatibleClassChangeError'{0x000000071091b490}: Found class java.lang.Object, but interface was expected> (0x000000071091b490) 
thrown [s\src\hotspot\share\interpreter\linkResolver.cpp, line 838]
Event: 7.923 Thread 0x00000254d762c3a0 Exception <a 'java/lang/NoSuchMethodError'{0x0000000708f83cf8}: 'java.lang.Object java.lang.invoke.DirectMethodHandle$Holder.invokeStatic(java.lang.Object, int, java.lang.Object)'> (0x0000000708f83cf8) 
thrown [s\src\hotspot\share\interpreter\linkResolver.cpp, line 771]
Event: 9.401 Thread 0x00000254d762c3a0 Exception <a 'java/lang/NoSuchMethodError'{0x000000070ab541b8}: 'java.lang.Object java.lang.invoke.DirectMethodHandle$Holder.invokeStaticInit(java.lang.Object, java.lang.Object, java.lang.Object, java.lang.Object)'> (0x000000070ab541b8) 
thrown [s\src\hotspot\share\interpreter\linkResolver.cpp, line 771]
Event: 9.747 Thread 0x00000254d762c3a0 Exception <a 'java/lang/NoSuchMethodError'{0x0000000709a1acc0}: 'java.lang.Object java.lang.invoke.DirectMethodHandle$Holder.newInvokeSpecial(java.lang.Object, java.lang.Object, java.lang.Object, int, int)'> (0x0000000709a1acc0) 
thrown [s\src\hotspot\share\interpreter\linkResolver.cpp, line 771]
Event: 9.748 Thread 0x00000254d762c3a0 Exception <a 'java/lang/NoSuchMethodError'{0x0000000709a1eb00}: 'java.lang.Object java.lang.invoke.DirectMethodHandle$Holder.invokeSpecial(java.lang.Object, java.lang.Object, java.lang.Object, java.lang.Object, int, int)'> (0x0000000709a1eb00) 
thrown [s\src\hotspot\share\interpreter\linkResolver.cpp, line 771]
Event: 9.815 Thread 0x00000254d762c3a0 Implicit null exception at 0x00000254e263aaf0 to 0x00000254e263ad28
Event: 9.819 Thread 0x00000254d762c3a0 Exception <a 'java/lang/NoSuchMethodError'{0x000000070985c608}: 'java.lang.Object java.lang.invoke.Invokers$Holder.linkToTargetMethod(java.lang.Object, java.lang.Object, int, int, java.lang.Object, java.lang.Object, java.lang.Object, java.lang.Object, java.lang.Object)'> (0x000000070985c608) 
thrown [s\src\hotspot\share\interpreter\linkResolver.cpp, line 771]
Event: 10.362 Thread 0x00000254d762c3a0 Implicit null exception at 0x00000254e2a7f839 to 0x00000254e2a800bf

VM Operations (20 events):
Event: 10.779 Executing VM operation: HandshakeAllThreads
Event: 10.779 Executing VM operation: HandshakeAllThreads done
Event: 10.780 Executing VM operation: HandshakeAllThreads
Event: 10.781 Executing VM operation: HandshakeAllThreads done
Event: 10.823 Executing VM operation: HandshakeAllThreads
Event: 10.823 Executing VM operation: HandshakeAllThreads done
Event: 10.824 Executing VM operation: HandshakeAllThreads
Event: 10.824 Executing VM operation: HandshakeAllThreads done
Event: 10.829 Executing VM operation: HandshakeAllThreads
Event: 10.829 Executing VM operation: HandshakeAllThreads done
Event: 10.848 Executing VM operation: HandshakeAllThreads
Event: 10.848 Executing VM operation: HandshakeAllThreads done
Event: 10.872 Executing VM operation: HandshakeAllThreads
Event: 10.872 Executing VM operation: HandshakeAllThreads done
Event: 10.926 Executing VM operation: ICBufferFull
Event: 10.927 Executing VM operation: ICBufferFull done
Event: 10.934 Executing VM operation: HandshakeAllThreads
Event: 10.934 Executing VM operation: HandshakeAllThreads done
Event: 10.935 Executing VM operation: HandshakeAllThreads
Event: 10.935 Executing VM operation: HandshakeAllThreads done

Events (20 events):
Event: 9.654 Thread 0x00000254fa0b9530 flushing nmethod 0x00000254dc52d510
Event: 9.654 Thread 0x00000254fa0b9530 flushing nmethod 0x00000254dc53f590
Event: 10.650 Thread 0x00000254fa0b9530 flushing nmethod 0x00000254daec3290
Event: 10.653 Thread 0x00000254fa0b9530 flushing nmethod 0x00000254db206c10
Event: 10.653 Thread 0x00000254fa0b9530 flushing nmethod 0x00000254db235810
Event: 10.653 Thread 0x00000254fa0b9530 flushing nmethod 0x00000254db2a8910
Event: 10.661 Thread 0x00000254fa0b9530 flushing nmethod 0x00000254dbb90c10
Event: 10.662 Thread 0x00000254fa0b9530 flushing nmethod 0x00000254dbcb1890
Event: 10.665 Thread 0x00000254fa0b9530 flushing nmethod 0x00000254dc05d190
Event: 10.665 Thread 0x00000254fa0b9530 flushing nmethod 0x00000254dc07dc90
Event: 10.666 Thread 0x00000254fa0b9530 flushing nmethod 0x00000254dc0fd010
Event: 10.666 Thread 0x00000254fa0b9530 flushing nmethod 0x00000254dc120310
Event: 10.666 Thread 0x00000254fa0b9530 flushing nmethod 0x00000254dc1f6490
Event: 10.667 Thread 0x00000254fa0b9530 flushing nmethod 0x00000254dc2fcb90
Event: 10.667 Thread 0x00000254fa0b9530 flushing nmethod 0x00000254dc36b710
Event: 10.667 Thread 0x00000254fa0b9530 flushing nmethod 0x00000254dc375910
Event: 10.670 Thread 0x00000254fa0b9530 flushing nmethod 0x00000254dc548e10
Event: 10.670 Thread 0x00000254fa0b9530 flushing nmethod 0x00000254dc557390
Event: 10.795 Thread 0x00000254fc6f0d80 Thread exited: 0x00000254fc6f0d80
Event: 10.943 Thread 0x000002548006b570 Thread added: 0x000002548006b570


Dynamic libraries:
0x00007ff7b9d80000 - 0x00007ff7b9d8a000 	C:\Program Files\Android\Android Studio\jbr\bin\java.exe
0x00007ffe02510000 - 0x00007ffe02727000 	C:\WINDOWS\SYSTEM32\ntdll.dll
0x00007ffe00e20000 - 0x00007ffe00ee4000 	C:\WINDOWS\System32\KERNEL32.DLL
0x00007ffdffd70000 - 0x00007ffe0011d000 	C:\WINDOWS\System32\KERNELBASE.dll
0x00007ffe00120000 - 0x00007ffe00231000 	C:\WINDOWS\System32\ucrtbase.dll
0x00007ffdde210000 - 0x00007ffdde227000 	C:\Program Files\Android\Android Studio\jbr\bin\jli.dll
0x00007ffdf7140000 - 0x00007ffdf715b000 	C:\Program Files\Android\Android Studio\jbr\bin\VCRUNTIME140.dll
0x00007ffe01460000 - 0x00007ffe0160e000 	C:\WINDOWS\System32\USER32.dll
0x00007ffdffbf0000 - 0x00007ffdffc16000 	C:\WINDOWS\System32\win32u.dll
0x00007ffde3990000 - 0x00007ffde3c23000 	C:\WINDOWS\WinSxS\amd64_microsoft.windows.common-controls_6595b64144ccf1df_6.0.22621.3672_none_2713b9d173822955\COMCTL32.dll
0x00007ffe00f80000 - 0x00007ffe00fa9000 	C:\WINDOWS\System32\GDI32.dll
0x00007ffe00240000 - 0x00007ffe002e7000 	C:\WINDOWS\System32\msvcrt.dll
0x00007ffdffc20000 - 0x00007ffdffd39000 	C:\WINDOWS\System32\gdi32full.dll
0x00007ffdffa20000 - 0x00007ffdffaba000 	C:\WINDOWS\System32\msvcp_win.dll
0x00007ffe01360000 - 0x00007ffe01391000 	C:\WINDOWS\System32\IMM32.DLL
0x00007ffdf8840000 - 0x00007ffdf884c000 	C:\Program Files\Android\Android Studio\jbr\bin\vcruntime140_1.dll
0x00007ffdd5d80000 - 0x00007ffdd5e0d000 	C:\Program Files\Android\Android Studio\jbr\bin\msvcp140.dll
0x00007ffdada00000 - 0x00007ffdae683000 	C:\Program Files\Android\Android Studio\jbr\bin\server\jvm.dll
0x00007ffe012a0000 - 0x00007ffe01352000 	C:\WINDOWS\System32\ADVAPI32.dll
0x00007ffe013a0000 - 0x00007ffe01449000 	C:\WINDOWS\System32\sechost.dll
0x00007ffdffd40000 - 0x00007ffdffd68000 	C:\WINDOWS\System32\bcrypt.dll
0x00007ffe00fd0000 - 0x00007ffe010e4000 	C:\WINDOWS\System32\RPCRT4.dll
0x00007ffdfe6c0000 - 0x00007ffdfe70d000 	C:\WINDOWS\SYSTEM32\POWRPROF.dll
0x00007ffdf8860000 - 0x00007ffdf8869000 	C:\WINDOWS\SYSTEM32\WSOCK32.dll
0x00007ffdf86a0000 - 0x00007ffdf86d4000 	C:\WINDOWS\SYSTEM32\WINMM.dll
0x00007ffe00350000 - 0x00007ffe003c1000 	C:\WINDOWS\System32\WS2_32.dll
0x00007ffdf7320000 - 0x00007ffdf732a000 	C:\WINDOWS\SYSTEM32\VERSION.dll
0x00007ffdfe6a0000 - 0x00007ffdfe6b3000 	C:\WINDOWS\SYSTEM32\UMPDC.dll
0x00007ffdfe8f0000 - 0x00007ffdfe908000 	C:\WINDOWS\SYSTEM32\kernel.appcore.dll
0x00007ffdf8850000 - 0x00007ffdf885a000 	C:\Program Files\Android\Android Studio\jbr\bin\jimage.dll
0x00007ffdfc8e0000 - 0x00007ffdfcb12000 	C:\WINDOWS\SYSTEM32\DBGHELP.DLL
0x00007ffe004d0000 - 0x00007ffe0085d000 	C:\WINDOWS\System32\combase.dll
0x00007ffe003f0000 - 0x00007ffe004c7000 	C:\WINDOWS\System32\OLEAUT32.dll
0x00007ffddbc30000 - 0x00007ffddbc62000 	C:\WINDOWS\SYSTEM32\dbgcore.DLL
0x00007ffdff9a0000 - 0x00007ffdffa1b000 	C:\WINDOWS\System32\bcryptPrimitives.dll
0x00007ffde03a0000 - 0x00007ffde03c5000 	C:\Program Files\Android\Android Studio\jbr\bin\java.dll
0x00007ffde3440000 - 0x00007ffde3458000 	C:\Program Files\Android\Android Studio\jbr\bin\zip.dll
0x00007ffe01c60000 - 0x00007ffe024c8000 	C:\WINDOWS\System32\SHELL32.dll
0x00007ffdfd740000 - 0x00007ffdfe03e000 	C:\WINDOWS\SYSTEM32\windows.storage.dll
0x00007ffdfd600000 - 0x00007ffdfd73f000 	C:\WINDOWS\SYSTEM32\wintypes.dll
0x00007ffe010f0000 - 0x00007ffe011e9000 	C:\WINDOWS\System32\SHCORE.dll
0x00007ffe00a70000 - 0x00007ffe00ace000 	C:\WINDOWS\System32\shlwapi.dll
0x00007ffdff760000 - 0x00007ffdff781000 	C:\WINDOWS\SYSTEM32\profapi.dll
0x00007ffde1c40000 - 0x00007ffde1c59000 	C:\Program Files\Android\Android Studio\jbr\bin\net.dll
0x00007ffdfb270000 - 0x00007ffdfb3a6000 	C:\WINDOWS\SYSTEM32\WINHTTP.dll
0x00007ffdfedc0000 - 0x00007ffdfee29000 	C:\WINDOWS\system32\mswsock.dll
0x00007ffde0380000 - 0x00007ffde0396000 	C:\Program Files\Android\Android Studio\jbr\bin\nio.dll
0x00007ffdefbe0000 - 0x00007ffdefbf0000 	C:\Program Files\Android\Android Studio\jbr\bin\verify.dll

dbghelp: loaded successfully - version: 4.0.5 - missing functions: none
symbol engine: initialized successfully - sym options: 0x614 - pdb path: .;C:\Program Files\Android\Android Studio\jbr\bin;C:\WINDOWS\SYSTEM32;C:\WINDOWS\WinSxS\amd64_microsoft.windows.common-controls_6595b64144ccf1df_6.0.22621.3672_none_2713b9d173822955;C:\Program Files\Android\Android Studio\jbr\bin\server

VM Arguments:
java_command: org.jetbrains.kotlin.cli.jvm.K2JVMCompiler @F:\Bill_Gernerator\Bill_Gernator\app\build\20240912_226673054298137818.compiler.options
java_class_path (initial): C:\Users\Lenovo\.gradle\caches\modules-2\files-2.1\org.jetbrains.kotlin\kotlin-compiler-embeddable\1.9.0\2c8c3a7402becca891f12739b3e9fd2dc2adbd7a\kotlin-compiler-embeddable-1.9.0.jar;C:\Users\Lenovo\.gradle\caches\modules-2\files-2.1\org.jetbrains.kotlin\kotlin-stdlib\1.9.0\8ee15ef0c67dc83d874f412d84378d7f0eb50b63\kotlin-stdlib-1.9.0.jar;C:\Users\Lenovo\.gradle\caches\modules-2\files-2.1\org.jetbrains.kotlin\kotlin-script-runtime\1.9.0\4b3102cbbb7e1b58d9d1adf89563f00069ffa7d1\kotlin-script-runtime-1.9.0.jar;C:\Users\Lenovo\.gradle\caches\modules-2\files-2.1\org.jetbrains.kotlin\kotlin-reflect\1.6.10\1cbe9c92c12a94eea200d23c2bbaedaf3daf5132\kotlin-reflect-1.6.10.jar;C:\Users\Lenovo\.gradle\caches\modules-2\files-2.1\org.jetbrains.kotlin\kotlin-daemon-embeddable\1.9.0\186543f5e28cf8d9a0290fecc2cf34301c40a65c\kotlin-daemon-embeddable-1.9.0.jar;C:\Users\Lenovo\.gradle\caches\modules-2\files-2.1\org.jetbrains.intellij.deps\trove4j\1.0.20200330\3afb14d5f9ceb459d724e907a21145e8ff394f02\trove4j-1.0.20200330.jar;C:\Users\Lenovo\.gradle\caches\modules-2\files-2.1\org.jetbrains.kotlin\kotlin-stdlib-common\1.9.0\cd65c21cfd1eec4d44ef09f9f52b6d9f8a720636\kotlin-stdlib-common-1.9.0.jar;C:\Users\Lenovo\.gradle\caches\modules-2\files-2.1\org.jetbrains\annotations\13.0\919f0dfe192fb4e063e7dacadee7f8bb9a2672a9\annotations-13.0.jar
Launcher Type: SUN_STANDARD

[Global flags]
     intx CICompilerCount                          = 4                                         {product} {ergonomic}
     uint ConcGCThreads                            = 2                                         {product} {ergonomic}
     uint G1ConcRefinementThreads                  = 8                                         {product} {ergonomic}
   size_t G1HeapRegionSize                         = 2097152                                   {product} {ergonomic}
    uintx GCDrainStackTargetSize                   = 64                                        {product} {ergonomic}
   size_t InitialHeapSize                          = 266338304                                 {product} {ergonomic}
   size_t MarkStackSize                            = 4194304                                   {product} {ergonomic}
   size_t MaxHeapSize                              = 4238344192                                {product} {ergonomic}
   size_t MaxNewSize                               = 2541748224                                {product} {ergonomic}
   size_t MinHeapDeltaBytes                        = 2097152                                   {product} {ergonomic}
   size_t MinHeapSize                              = 8388608                                   {product} {ergonomic}
    uintx NonNMethodCodeHeapSize                   = 5839372                                {pd product} {ergonomic}
    uintx NonProfiledCodeHeapSize                  = 122909434                              {pd product} {ergonomic}
    uintx ProfiledCodeHeapSize                     = 122909434                              {pd product} {ergonomic}
    uintx ReservedCodeCacheSize                    = 251658240                              {pd product} {ergonomic}
     bool SegmentedCodeCache                       = true                                      {product} {ergonomic}
   size_t SoftMaxHeapSize                          = 4238344192                             {manageable} {ergonomic}
     bool UseCompressedClassPointers               = true                           {product lp64_product} {ergonomic}
     bool UseCompressedOops                        = true                           {product lp64_product} {ergonomic}
     bool UseG1GC                                  = true                                      {product} {ergonomic}
     bool UseLargePagesIndividualAllocation        = false                                  {pd product} {ergonomic}

Logging:
Log output configuration:
 #0: stdout all=warning uptime,level,tags
 #1: stderr all=off uptime,level,tags

Environment Variables:
PATH=C:\Program Files\Common Files\Oracle\Java\javapath;C:\Windows\system32;C:\Windows;C:\Windows\System32\Wbem;C:\Windows\System32\WindowsPowerShell\v1.0\;C:\Windows\System32\OpenSSH\;C:\Program Files (x86)\NVIDIA Corporation\PhysX\Common;C:\Program Files\NVIDIA Corporation\NVIDIA NvDLISR;C:\WINDOWS\system32;C:\WINDOWS;C:\WINDOWS\System32\Wbem;C:\WINDOWS\System32\WindowsPowerShell\v1.0\;C:\WINDOWS\System32\OpenSSH\;C:\Program Files\Git\cmd;C:\MinGW;C:\Program Files\MySQL\MySQL Server 8.0\bin;C:\Program Files\Java\jdk-20\bin;C:\Program Files\MySQL\MySQL Shell 8.0\bin\;C:\Users\Lenovo\AppData\Local\Programs\Python\Launcher\;C:\Users\Lenovo\AppData\Local\Microsoft\WindowsApps;C:\Users\Lenovo\AppData\Roaming\Microsoft\Windows\Start Menu\Programs\Python 3.11;C:\Users\Lenovo\AppData\Local\GitHubDesktop\bin;C:\MinGW\bin;C:\Users\Lenovo\AppData\Local\Programs\Microsoft VS Code\bin
USERNAME=Lenovo
OS=Windows_NT
PROCESSOR_IDENTIFIER=Intel64 Family 6 Model 140 Stepping 1, GenuineIntel
TMP=C:\Users\Lenovo\AppData\Local\Temp
TEMP=C:\Users\Lenovo\AppData\Local\Temp



Periodic native trim disabled

JNI global refs:
JNI global refs: 11, weak refs: 15

JNI global refs memory usage: 843, weak refs: 841

OOME stack traces (most recent first):
Classloader memory used:
Loader jdk.internal.loader.ClassLoaders$AppClassLoader                                 : 8284K
Loader bootstrap                                                                       : 1393K
Loader jdk.internal.reflect.DelegatingClassLoader                                      : 19450B
Loader java.net.URLClassLoader                                                         : 13286B
Loader jdk.internal.loader.ClassLoaders$PlatformClassLoader                            : 2276B


---------------  S Y S T E M  ---------------

OS:
 Windows 11 , 64 bit Build 22621 (10.0.22621.3958)
OS uptime: 2 days 6:48 hours
Hyper-V role detected

CPU: total 8 (initial active 8) (4 cores per cpu, 2 threads per core) family 6 model 140 stepping 1 microcode 0xaa, cx8, cmov, fxsr, ht, mmx, 3dnowpref, sse, sse2, sse3, ssse3, sse4.1, sse4.2, popcnt, lzcnt, tsc, tscinvbit, avx, avx2, aes, erms, clmul, bmi1, bmi2, adx, avx512f, avx512dq, avx512cd, avx512bw, avx512vl, sha, fma, vzeroupper, avx512_vpopcntdq, avx512_vpclmulqdq, avx512_vaes, avx512_vnni, clflush, clflushopt, clwb, avx512_vbmi2, avx512_vbmi, hv
Processor Information for processor 0
  Max Mhz: 3110, Current Mhz: 3110, Mhz Limit: 3110
Processor Information for processor 1
  Max Mhz: 3110, Current Mhz: 3110, Mhz Limit: 3110
Processor Information for processor 2
  Max Mhz: 3110, Current Mhz: 1203, Mhz Limit: 3110
Processor Information for processor 3
  Max Mhz: 3110, Current Mhz: 3110, Mhz Limit: 3110
Processor Information for processor 4
  Max Mhz: 3110, Current Mhz: 3110, Mhz Limit: 3110
Processor Information for processor 5
  Max Mhz: 3110, Current Mhz: 3110, Mhz Limit: 3110
Processor Information for processor 6
  Max Mhz: 3110, Current Mhz: 3110, Mhz Limit: 3110
Processor Information for processor 7
  Max Mhz: 3110, Current Mhz: 3110, Mhz Limit: 3110

Memory: 4k page, system-wide physical 16167M (2663M free)
TotalPageFile size 16167M (AvailPageFile size 25M)
current process WorkingSet (physical memory assigned to process): 397M, peak: 397M
current process commit charge ("private bytes"): 569M, peak: 569M

vm_info: OpenJDK 64-Bit Server VM (17.0.10+0--11572160) for windows-amd64 JRE (17.0.10+0--11572160), built on Mar 13 2024 23:56:38 by "androidbuild" with MS VC++ 16.10 / 16.11 (VS2019)

END.
