#
# There is insufficient memory for the Java Runtime Environment to continue.
# Native memory allocation (malloc) failed to allocate 1425296 bytes for Chunk::new
# Possible reasons:
#   The system is out of physical RAM or swap space
#   The process is running with CompressedOops enabled, and the Java Heap may be blocking the growth of the native heap
# Possible solutions:
#   Reduce memory load on the system
#   Increase physical memory or swap space
#   Check if swap backing store is full
#   Decrease Java heap size (-Xmx/-Xms)
#   Decrease number of Java threads
#   Decrease Java thread stack sizes (-Xss)
#   Set larger code cache with -XX:ReservedCodeCacheSize=
#   JVM is running with Unscaled Compressed Oops mode in which the Java heap is
#     placed in the first 4GB address space. The Java Heap base address is the
#     maximum limit for the native heap growth. Please use -XX:HeapBaseMinAddress
#     to set the Java Heap base and to place the Java Heap above 4GB virtual address.
# This output file may be truncated or incomplete.
#
#  Out of Memory Error (arena.cpp:191), pid=3356, tid=11496
#
# JRE version: OpenJDK Runtime Environment (17.0.10) (build 17.0.10+0--11572160)
# Java VM: OpenJDK 64-Bit Server VM (17.0.10+0--11572160, mixed mode, tiered, compressed oops, compressed class ptrs, g1 gc, windows-amd64)
# No core dump will be written. Minidumps are not enabled by default on client versions of Windows
#

---------------  S U M M A R Y ------------

Command Line: --add-opens=java.base/java.util=ALL-UNNAMED --add-opens=java.base/java.lang=ALL-UNNAMED --add-opens=java.base/java.lang.invoke=ALL-UNNAMED --add-opens=java.prefs/java.util.prefs=ALL-UNNAMED --add-opens=java.base/java.nio.charset=ALL-UNNAMED --add-opens=java.base/java.net=ALL-UNNAMED --add-opens=java.base/java.util.concurrent.atomic=ALL-UNNAMED -Xmx2048m -Dfile.encoding=UTF-8 -Duser.country=US -Duser.language=en -Duser.variant -javaagent:C:\Users\Lenovo\.gradle\wrapper\dists\gradle-8.4-bin\1w5dpkrfk8irigvoxmyhowfim\gradle-8.4\lib\agents\gradle-instrumentation-agent-8.4.jar org.gradle.launcher.daemon.bootstrap.GradleDaemon 8.4

Host: 11th Gen Intel(R) Core(TM) i5-11300H @ 3.10GHz, 8 cores, 15G,  Windows 11 , 64 bit Build 22621 (10.0.22621.3958)
Time: Wed Sep 11 19:04:58 2024 India Standard Time elapsed time: 1.978290 seconds (0d 0h 0m 1s)

---------------  T H R E A D  ---------------

Current thread (0x000001a095935a90):  JavaThread "C2 CompilerThread0" daemon [_thread_in_native, id=11496, stack(0x00000073b5500000,0x00000073b5600000)]


Current CompileTask:
C2:   1978 2200   !   4       java.lang.ClassLoader::loadClass (121 bytes)

Stack: [0x00000073b5500000,0x00000073b5600000]
Native frames: (J=compiled Java code, j=interpreted, Vv=VM code, C=native code)
V  [jvm.dll+0x688e89]
V  [jvm.dll+0x84247a]
V  [jvm.dll+0x8440be]
V  [jvm.dll+0x844723]
V  [jvm.dll+0x24be0f]
V  [jvm.dll+0xac524]
V  [jvm.dll+0xacb6c]
V  [jvm.dll+0x36bd12]
V  [jvm.dll+0x1bde16]
V  [jvm.dll+0x21dbf9]
V  [jvm.dll+0x21cec1]
V  [jvm.dll+0x1a60ad]
V  [jvm.dll+0x22cd78]
V  [jvm.dll+0x22aeb0]
V  [jvm.dll+0x7f6917]
V  [jvm.dll+0x7f0d1a]
V  [jvm.dll+0x687d05]
C  [ucrtbase.dll+0x29333]
C  [KERNEL32.DLL+0x1257d]
C  [ntdll.dll+0x5af28]


---------------  P R O C E S S  ---------------

Threads class SMR info:
_java_thread_list=0x000001a09c3ea500, length=25, elements={
0x000001a0fb8c4dc0, 0x000001a09590c020, 0x000001a09590c8f0, 0x000001a09592b010,
0x000001a09592b8e0, 0x000001a0959309e0, 0x000001a095934090, 0x000001a095935a90,
0x000001a095936450, 0x000001a09593ed70, 0x000001a095933670, 0x000001a0959345a0,
0x000001a095bf87e0, 0x000001a095934ab0, 0x000001a095931300, 0x000001a095933160,
0x000001a095931810, 0x000001a095931d20, 0x000001a095932230, 0x000001a095933b80,
0x000001a095932740, 0x000001a095932c50, 0x000001a09c1b1060, 0x000001a09c1b1570,
0x000001a09c1b1f90
}

Java Threads: ( => current thread )
  0x000001a0fb8c4dc0 JavaThread "main" [_thread_blocked, id=14000, stack(0x00000073b4800000,0x00000073b4900000)]
  0x000001a09590c020 JavaThread "Reference Handler" daemon [_thread_blocked, id=792, stack(0x00000073b4f00000,0x00000073b5000000)]
  0x000001a09590c8f0 JavaThread "Finalizer" daemon [_thread_blocked, id=16352, stack(0x00000073b5000000,0x00000073b5100000)]
  0x000001a09592b010 JavaThread "Signal Dispatcher" daemon [_thread_blocked, id=15808, stack(0x00000073b5100000,0x00000073b5200000)]
  0x000001a09592b8e0 JavaThread "Attach Listener" daemon [_thread_blocked, id=12724, stack(0x00000073b5200000,0x00000073b5300000)]
  0x000001a0959309e0 JavaThread "Service Thread" daemon [_thread_blocked, id=1764, stack(0x00000073b5300000,0x00000073b5400000)]
  0x000001a095934090 JavaThread "Monitor Deflation Thread" daemon [_thread_blocked, id=972, stack(0x00000073b5400000,0x00000073b5500000)]
=>0x000001a095935a90 JavaThread "C2 CompilerThread0" daemon [_thread_in_native, id=11496, stack(0x00000073b5500000,0x00000073b5600000)]
  0x000001a095936450 JavaThread "C1 CompilerThread0" daemon [_thread_blocked, id=3412, stack(0x00000073b5600000,0x00000073b5700000)]
  0x000001a09593ed70 JavaThread "Sweeper thread" daemon [_thread_blocked, id=15588, stack(0x00000073b5700000,0x00000073b5800000)]
  0x000001a095933670 JavaThread "Common-Cleaner" daemon [_thread_blocked, id=16448, stack(0x00000073b5800000,0x00000073b5900000)]
  0x000001a0959345a0 JavaThread "Notification Thread" daemon [_thread_blocked, id=5788, stack(0x00000073b5900000,0x00000073b5a00000)]
  0x000001a095bf87e0 JavaThread "C2 CompilerThread1" daemon [_thread_blocked, id=8, stack(0x00000073b5b00000,0x00000073b5c00000)]
  0x000001a095934ab0 JavaThread "Daemon health stats" [_thread_blocked, id=16648, stack(0x00000073b6200000,0x00000073b6300000)]
  0x000001a095931300 JavaThread "Incoming local TCP Connector on port 61855" [_thread_in_native, id=17640, stack(0x00000073b6300000,0x00000073b6400000)]
  0x000001a095933160 JavaThread "Daemon periodic checks" [_thread_blocked, id=3104, stack(0x00000073b6400000,0x00000073b6500000)]
  0x000001a095931810 JavaThread "Daemon" [_thread_blocked, id=6216, stack(0x00000073b6500000,0x00000073b6600000)]
  0x000001a095931d20 JavaThread "Handler for socket connection from /127.0.0.1:61855 to /127.0.0.1:61857" [_thread_in_native, id=5508, stack(0x00000073b6600000,0x00000073b6700000)]
  0x000001a095932230 JavaThread "Cancel handler" [_thread_blocked, id=17696, stack(0x00000073b6700000,0x00000073b6800000)]
  0x000001a095933b80 JavaThread "Daemon worker" [_thread_in_native, id=8460, stack(0x00000073b6800000,0x00000073b6900000)]
  0x000001a095932740 JavaThread "Asynchronous log dispatcher for DefaultDaemonConnection: socket connection from /127.0.0.1:61855 to /127.0.0.1:61857" [_thread_blocked, id=5756, stack(0x00000073b6900000,0x00000073b6a00000)]
  0x000001a095932c50 JavaThread "Stdin handler" [_thread_blocked, id=14364, stack(0x00000073b6a00000,0x00000073b6b00000)]
  0x000001a09c1b1060 JavaThread "Daemon client event forwarder" [_thread_blocked, id=15924, stack(0x00000073b6b00000,0x00000073b6c00000)]
  0x000001a09c1b1570 JavaThread "Cache worker for journal cache (C:\Users\Lenovo\.gradle\caches\journal-1)" [_thread_blocked, id=5232, stack(0x00000073b5c00000,0x00000073b5d00000)]
  0x000001a09c1b1f90 JavaThread "File lock request listener" [_thread_in_native, id=556, stack(0x00000073b6f00000,0x00000073b7000000)]

Other Threads:
  0x000001a09575b0c0 VMThread "VM Thread" [stack: 0x00000073b4e00000,0x00000073b4f00000] [id=7944]
  0x000001a0fb8c5b50 WatcherThread [stack: 0x00000073b5a00000,0x00000073b5b00000] [id=19284]
  0x000001a0f96d9fd0 GCTaskThread "GC Thread#0" [stack: 0x00000073b4900000,0x00000073b4a00000] [id=17936]
  0x000001a09a9a09d0 GCTaskThread "GC Thread#1" [stack: 0x00000073b5d00000,0x00000073b5e00000] [id=112]
  0x000001a09a878610 GCTaskThread "GC Thread#2" [stack: 0x00000073b5e00000,0x00000073b5f00000] [id=17604]
  0x000001a09aa18830 GCTaskThread "GC Thread#3" [stack: 0x00000073b5f00000,0x00000073b6000000] [id=5004]
  0x000001a09a132e00 GCTaskThread "GC Thread#4" [stack: 0x00000073b6000000,0x00000073b6100000] [id=7980]
  0x000001a09a13fd90 GCTaskThread "GC Thread#5" [stack: 0x00000073b6100000,0x00000073b6200000] [id=4140]
  0x000001a09bf80040 GCTaskThread "GC Thread#6" [stack: 0x00000073b6c00000,0x00000073b6d00000] [id=12120]
  0x000001a09b914040 GCTaskThread "GC Thread#7" [stack: 0x00000073b6d00000,0x00000073b6e00000] [id=5468]
  0x000001a0f96dead0 ConcurrentGCThread "G1 Main Marker" [stack: 0x00000073b4a00000,0x00000073b4b00000] [id=4168]
  0x000001a0fb92e6f0 ConcurrentGCThread "G1 Conc#0" [stack: 0x00000073b4b00000,0x00000073b4c00000] [id=1416]
  0x000001a09b40ba70 ConcurrentGCThread "G1 Conc#1" [stack: 0x00000073b6e00000,0x00000073b6f00000] [id=13524]
  0x000001a09560e9e0 ConcurrentGCThread "G1 Refine#0" [stack: 0x00000073b4c00000,0x00000073b4d00000] [id=11652]
  0x000001a09560f320 ConcurrentGCThread "G1 Service" [stack: 0x00000073b4d00000,0x00000073b4e00000] [id=12916]

Threads with active compile tasks:
C2 CompilerThread0     1990 2200   !   4       java.lang.ClassLoader::loadClass (121 bytes)

VM state: not at safepoint (normal execution)

VM Mutex/Monitor currently owned by a thread: None

Heap address: 0x0000000080000000, size: 2048 MB, Compressed Oops mode: 32-bit

CDS archive(s) not mapped
Compressed class space mapped at: 0x0000000100000000-0x0000000140000000, reserved size: 1073741824
Narrow klass base: 0x0000000000000000, Narrow klass shift: 3, Narrow klass range: 0x140000000

GC Precious Log:
 CPUs: 8 total, 8 available
 Memory: 16167M
 Large Page Support: Disabled
 NUMA Support: Disabled
 Compressed Oops: Enabled (32-bit)
 Heap Region Size: 1M
 Heap Min Capacity: 8M
 Heap Initial Capacity: 254M
 Heap Max Capacity: 2G
 Pre-touch: Disabled
 Parallel Workers: 8
 Concurrent Workers: 2
 Concurrent Refinement Workers: 8
 Periodic GC: Disabled

Heap:
 garbage-first heap   total 71680K, used 42720K [0x0000000080000000, 0x0000000100000000)
  region size 1024K, 33 young (33792K), 9 survivors (9216K)
 Metaspace       used 24999K, committed 25280K, reserved 1114112K
  class space    used 3152K, committed 3264K, reserved 1048576K

Heap Regions: E=young(eden), S=young(survivor), O=old, HS=humongous(starts), HC=humongous(continues), CS=collection set, F=free, OA=open archive, CA=closed archive, TAMS=top-at-mark-start (previous, next)
|   0|0x0000000080000000, 0x0000000080100000, 0x0000000080100000|100%|HS|  |TAMS 0x0000000080100000, 0x0000000080000000| Complete 
|   1|0x0000000080100000, 0x0000000080200000, 0x0000000080200000|100%|HC|  |TAMS 0x0000000080200000, 0x0000000080100000| Complete 
|   2|0x0000000080200000, 0x0000000080300000, 0x0000000080300000|100%|HC|  |TAMS 0x0000000080300000, 0x0000000080200000| Complete 
|   3|0x0000000080300000, 0x0000000080400000, 0x0000000080400000|100%|HC|  |TAMS 0x0000000080400000, 0x0000000080300000| Complete 
|   4|0x0000000080400000, 0x0000000080500000, 0x0000000080500000|100%| O|  |TAMS 0x0000000080500000, 0x0000000080400000| Untracked 
|   5|0x0000000080500000, 0x0000000080600000, 0x0000000080600000|100%| O|  |TAMS 0x0000000080600000, 0x0000000080500000| Untracked 
|   6|0x0000000080600000, 0x0000000080700000, 0x0000000080700000|100%| O|  |TAMS 0x0000000080700000, 0x0000000080600000| Untracked 
|   7|0x0000000080700000, 0x0000000080800000, 0x0000000080800000|100%| O|  |TAMS 0x0000000080800000, 0x0000000080700000| Untracked 
|   8|0x0000000080800000, 0x0000000080800000, 0x0000000080900000|  0%| F|  |TAMS 0x0000000080800000, 0x0000000080800000| Untracked 
|   9|0x0000000080900000, 0x0000000080a00000, 0x0000000080a00000|100%| O|  |TAMS 0x0000000080a00000, 0x0000000080900000| Untracked 
|  10|0x0000000080a00000, 0x0000000080b00000, 0x0000000080b00000|100%| O|  |TAMS 0x0000000080b00000, 0x0000000080a00000| Untracked 
|  11|0x0000000080b00000, 0x0000000080b49c00, 0x0000000080c00000| 28%| O|  |TAMS 0x0000000080b49c00, 0x0000000080b00000| Untracked 
|  12|0x0000000080c00000, 0x0000000080c00000, 0x0000000080d00000|  0%| F|  |TAMS 0x0000000080c00000, 0x0000000080c00000| Untracked 
|  13|0x0000000080d00000, 0x0000000080d00000, 0x0000000080e00000|  0%| F|  |TAMS 0x0000000080d00000, 0x0000000080d00000| Untracked 
|  14|0x0000000080e00000, 0x0000000080e00000, 0x0000000080f00000|  0%| F|  |TAMS 0x0000000080e00000, 0x0000000080e00000| Untracked 
|  15|0x0000000080f00000, 0x0000000080f00000, 0x0000000081000000|  0%| F|  |TAMS 0x0000000080f00000, 0x0000000080f00000| Untracked 
|  16|0x0000000081000000, 0x0000000081000000, 0x0000000081100000|  0%| F|  |TAMS 0x0000000081000000, 0x0000000081000000| Untracked 
|  17|0x0000000081100000, 0x0000000081100000, 0x0000000081200000|  0%| F|  |TAMS 0x0000000081100000, 0x0000000081100000| Untracked 
|  18|0x0000000081200000, 0x0000000081200000, 0x0000000081300000|  0%| F|  |TAMS 0x0000000081200000, 0x0000000081200000| Untracked 
|  19|0x0000000081300000, 0x0000000081300000, 0x0000000081400000|  0%| F|  |TAMS 0x0000000081300000, 0x0000000081300000| Untracked 
|  20|0x0000000081400000, 0x0000000081400000, 0x0000000081500000|  0%| F|  |TAMS 0x0000000081400000, 0x0000000081400000| Untracked 
|  21|0x0000000081500000, 0x0000000081500000, 0x0000000081600000|  0%| F|  |TAMS 0x0000000081500000, 0x0000000081500000| Untracked 
|  22|0x0000000081600000, 0x0000000081600000, 0x0000000081700000|  0%| F|  |TAMS 0x0000000081600000, 0x0000000081600000| Untracked 
|  23|0x0000000081700000, 0x0000000081700000, 0x0000000081800000|  0%| F|  |TAMS 0x0000000081700000, 0x0000000081700000| Untracked 
|  24|0x0000000081800000, 0x0000000081800000, 0x0000000081900000|  0%| F|  |TAMS 0x0000000081800000, 0x0000000081800000| Untracked 
|  25|0x0000000081900000, 0x0000000081900000, 0x0000000081a00000|  0%| F|  |TAMS 0x0000000081900000, 0x0000000081900000| Untracked 
|  26|0x0000000081a00000, 0x0000000081a00000, 0x0000000081b00000|  0%| F|  |TAMS 0x0000000081a00000, 0x0000000081a00000| Untracked 
|  27|0x0000000081b00000, 0x0000000081b00000, 0x0000000081c00000|  0%| F|  |TAMS 0x0000000081b00000, 0x0000000081b00000| Untracked 
|  28|0x0000000081c00000, 0x0000000081c00000, 0x0000000081d00000|  0%| F|  |TAMS 0x0000000081c00000, 0x0000000081c00000| Untracked 
|  29|0x0000000081d00000, 0x0000000081d00000, 0x0000000081e00000|  0%| F|  |TAMS 0x0000000081d00000, 0x0000000081d00000| Untracked 
|  30|0x0000000081e00000, 0x0000000081e00000, 0x0000000081f00000|  0%| F|  |TAMS 0x0000000081e00000, 0x0000000081e00000| Untracked 
|  31|0x0000000081f00000, 0x0000000081f00000, 0x0000000082000000|  0%| F|  |TAMS 0x0000000081f00000, 0x0000000081f00000| Untracked 
|  32|0x0000000082000000, 0x0000000082000000, 0x0000000082100000|  0%| F|  |TAMS 0x0000000082000000, 0x0000000082000000| Untracked 
|  33|0x0000000082100000, 0x0000000082100000, 0x0000000082200000|  0%| F|  |TAMS 0x0000000082100000, 0x0000000082100000| Untracked 
|  34|0x0000000082200000, 0x0000000082200000, 0x0000000082300000|  0%| F|  |TAMS 0x0000000082200000, 0x0000000082200000| Untracked 
|  35|0x0000000082300000, 0x0000000082300000, 0x0000000082400000|  0%| F|  |TAMS 0x0000000082300000, 0x0000000082300000| Untracked 
|  36|0x0000000082400000, 0x0000000082400000, 0x0000000082500000|  0%| F|  |TAMS 0x0000000082400000, 0x0000000082400000| Untracked 
|  37|0x0000000082500000, 0x00000000825a1b78, 0x0000000082600000| 63%| E|  |TAMS 0x0000000082500000, 0x0000000082500000| Complete 
|  38|0x0000000082600000, 0x0000000082700000, 0x0000000082700000|100%| E|CS|TAMS 0x0000000082600000, 0x0000000082600000| Complete 
|  39|0x0000000082700000, 0x0000000082800000, 0x0000000082800000|100%| E|CS|TAMS 0x0000000082700000, 0x0000000082700000| Complete 
|  40|0x0000000082800000, 0x0000000082900000, 0x0000000082900000|100%| E|CS|TAMS 0x0000000082800000, 0x0000000082800000| Complete 
|  41|0x0000000082900000, 0x0000000082a00000, 0x0000000082a00000|100%| E|CS|TAMS 0x0000000082900000, 0x0000000082900000| Complete 
|  42|0x0000000082a00000, 0x0000000082b00000, 0x0000000082b00000|100%| E|CS|TAMS 0x0000000082a00000, 0x0000000082a00000| Complete 
|  43|0x0000000082b00000, 0x0000000082c00000, 0x0000000082c00000|100%| E|CS|TAMS 0x0000000082b00000, 0x0000000082b00000| Complete 
|  44|0x0000000082c00000, 0x0000000082d00000, 0x0000000082d00000|100%| E|CS|TAMS 0x0000000082c00000, 0x0000000082c00000| Complete 
|  45|0x0000000082d00000, 0x0000000082e00000, 0x0000000082e00000|100%| E|CS|TAMS 0x0000000082d00000, 0x0000000082d00000| Complete 
|  46|0x0000000082e00000, 0x0000000082f00000, 0x0000000082f00000|100%| E|CS|TAMS 0x0000000082e00000, 0x0000000082e00000| Complete 
|  47|0x0000000082f00000, 0x0000000083000000, 0x0000000083000000|100%| E|CS|TAMS 0x0000000082f00000, 0x0000000082f00000| Complete 
|  48|0x0000000083000000, 0x0000000083100000, 0x0000000083100000|100%| E|CS|TAMS 0x0000000083000000, 0x0000000083000000| Complete 
|  49|0x0000000083100000, 0x0000000083200000, 0x0000000083200000|100%| E|CS|TAMS 0x0000000083100000, 0x0000000083100000| Complete 
|  50|0x0000000083200000, 0x0000000083300000, 0x0000000083300000|100%| E|CS|TAMS 0x0000000083200000, 0x0000000083200000| Complete 
|  51|0x0000000083300000, 0x0000000083400000, 0x0000000083400000|100%| E|CS|TAMS 0x0000000083300000, 0x0000000083300000| Complete 
|  52|0x0000000083400000, 0x0000000083500000, 0x0000000083500000|100%| E|CS|TAMS 0x0000000083400000, 0x0000000083400000| Complete 
|  53|0x0000000083500000, 0x0000000083600000, 0x0000000083600000|100%| E|CS|TAMS 0x0000000083500000, 0x0000000083500000| Complete 
|  54|0x0000000083600000, 0x0000000083700000, 0x0000000083700000|100%| E|CS|TAMS 0x0000000083600000, 0x0000000083600000| Complete 
|  55|0x0000000083700000, 0x0000000083800000, 0x0000000083800000|100%| E|CS|TAMS 0x0000000083700000, 0x0000000083700000| Complete 
|  56|0x0000000083800000, 0x0000000083900000, 0x0000000083900000|100%| E|CS|TAMS 0x0000000083800000, 0x0000000083800000| Complete 
|  57|0x0000000083900000, 0x0000000083a00000, 0x0000000083a00000|100%| E|CS|TAMS 0x0000000083900000, 0x0000000083900000| Complete 
|  58|0x0000000083a00000, 0x0000000083b00000, 0x0000000083b00000|100%| E|CS|TAMS 0x0000000083a00000, 0x0000000083a00000| Complete 
|  59|0x0000000083b00000, 0x0000000083c00000, 0x0000000083c00000|100%| E|CS|TAMS 0x0000000083b00000, 0x0000000083b00000| Complete 
| 198|0x000000008c600000, 0x000000008c66e4f8, 0x000000008c700000| 43%| S|CS|TAMS 0x000000008c600000, 0x000000008c600000| Complete 
| 199|0x000000008c700000, 0x000000008c800000, 0x000000008c800000|100%| S|CS|TAMS 0x000000008c700000, 0x000000008c700000| Complete 
| 200|0x000000008c800000, 0x000000008c900000, 0x000000008c900000|100%| S|CS|TAMS 0x000000008c800000, 0x000000008c800000| Complete 
| 201|0x000000008c900000, 0x000000008ca00000, 0x000000008ca00000|100%| S|CS|TAMS 0x000000008c900000, 0x000000008c900000| Complete 
| 202|0x000000008ca00000, 0x000000008cb00000, 0x000000008cb00000|100%| S|CS|TAMS 0x000000008ca00000, 0x000000008ca00000| Complete 
| 203|0x000000008cb00000, 0x000000008cc00000, 0x000000008cc00000|100%| S|CS|TAMS 0x000000008cb00000, 0x000000008cb00000| Complete 
| 204|0x000000008cc00000, 0x000000008cd00000, 0x000000008cd00000|100%| S|CS|TAMS 0x000000008cc00000, 0x000000008cc00000| Complete 
| 205|0x000000008cd00000, 0x000000008ce00000, 0x000000008ce00000|100%| S|CS|TAMS 0x000000008cd00000, 0x000000008cd00000| Complete 
| 206|0x000000008ce00000, 0x000000008cf00000, 0x000000008cf00000|100%| S|CS|TAMS 0x000000008ce00000, 0x000000008ce00000| Complete 
| 253|0x000000008fd00000, 0x000000008fe00000, 0x000000008fe00000|100%| E|CS|TAMS 0x000000008fd00000, 0x000000008fd00000| Complete 

Card table byte_map: [0x000001a0ff4c0000,0x000001a0ff8c0000] _byte_map_base: 0x000001a0ff0c0000

Marking Bits (Prev, Next): (CMBitMap*) 0x000001a0f96da440, (CMBitMap*) 0x000001a0f96da400
 Prev Bits: [0x000001a091000000, 0x000001a093000000)
 Next Bits: [0x000001a08f000000, 0x000001a091000000)

Polling page: 0x000001a0f97d0000

Metaspace:

Usage:
  Non-class:     21.34 MB used.
      Class:      3.08 MB used.
       Both:     24.42 MB used.

Virtual space:
  Non-class space:       64.00 MB reserved,      21.50 MB ( 34%) committed,  1 nodes.
      Class space:        1.00 GB reserved,       3.19 MB ( <1%) committed,  1 nodes.
             Both:        1.06 GB reserved,      24.69 MB (  2%) committed. 

Chunk freelists:
   Non-Class:  10.39 MB
       Class:  12.75 MB
        Both:  23.14 MB

MaxMetaspaceSize: unlimited
CompressedClassSpaceSize: 1.00 GB
Initial GC threshold: 21.00 MB
Current GC threshold: 35.25 MB
CDS: off
MetaspaceReclaimPolicy: balanced
 - commit_granule_bytes: 65536.
 - commit_granule_words: 8192.
 - virtual_space_node_default_size: 8388608.
 - enlarge_chunks_in_place: 1.
 - new_chunks_are_fully_committed: 0.
 - uncommit_free_chunks: 1.
 - use_allocation_guard: 0.
 - handle_deallocations: 1.


Internal statistics:

num_allocs_failed_limit: 3.
num_arena_births: 192.
num_arena_deaths: 0.
num_vsnodes_births: 2.
num_vsnodes_deaths: 0.
num_space_committed: 395.
num_space_uncommitted: 0.
num_chunks_returned_to_freelist: 3.
num_chunks_taken_from_freelist: 713.
num_chunk_merges: 3.
num_chunk_splits: 482.
num_chunks_enlarged: 364.
num_inconsistent_stats: 0.

CodeHeap 'non-profiled nmethods': size=120000Kb used=1155Kb max_used=1155Kb free=118844Kb
 bounds [0x000001a087ad0000, 0x000001a087d40000, 0x000001a08f000000]
CodeHeap 'profiled nmethods': size=120000Kb used=4441Kb max_used=4441Kb free=115558Kb
 bounds [0x000001a080000000, 0x000001a080460000, 0x000001a087530000]
CodeHeap 'non-nmethods': size=5760Kb used=1235Kb max_used=1268Kb free=4524Kb
 bounds [0x000001a087530000, 0x000001a0877a0000, 0x000001a087ad0000]
 total_blobs=2762 nmethods=2226 adapters=449
 compilation: enabled
              stopped_count=0, restarted_count=0
 full_count=0

Compilation events (20 events):
Event: 1.890 Thread 0x000001a095bf87e0 2210       4       java.security.AccessController::checkContext (49 bytes)
Event: 1.891 Thread 0x000001a095bf87e0 nmethod 2210 0x000001a087bebe10 code [0x000001a087bebf80, 0x000001a087bec018]
Event: 1.899 Thread 0x000001a095bf87e0 2211   !   4       java.security.AccessController::doPrivileged (26 bytes)
Event: 1.901 Thread 0x000001a095bf87e0 nmethod 2211 0x000001a087bec110 code [0x000001a087bec2c0, 0x000001a087bec488]
Event: 1.911 Thread 0x000001a095bf87e0 2212   !   4       java.util.zip.InflaterInputStream::read (138 bytes)
Event: 1.913 Thread 0x000001a095936450 2214   !   3       sun.nio.fs.WindowsPath::initOffsets (153 bytes)
Event: 1.914 Thread 0x000001a095936450 nmethod 2214 0x000001a08044bc10 code [0x000001a08044c000, 0x000001a08044e1d8]
Event: 1.918 Thread 0x000001a095936450 2216       3       jdk.internal.misc.Unsafe::weakCompareAndSetInt (11 bytes)
Event: 1.919 Thread 0x000001a095936450 nmethod 2216 0x000001a08044ef10 code [0x000001a08044f0a0, 0x000001a08044f1d8]
Event: 1.939 Thread 0x000001a095936450 2217       3       java.lang.invoke.MemberName::changeReferenceKind (60 bytes)
Event: 1.939 Thread 0x000001a095936450 nmethod 2217 0x000001a08044f290 code [0x000001a08044f420, 0x000001a08044f558]
Event: 1.940 Thread 0x000001a095bf87e0 nmethod 2212 0x000001a087beca90 code [0x000001a087becce0, 0x000001a087bee930]
Event: 1.941 Thread 0x000001a095bf87e0 2213       4       java.util.concurrent.ConcurrentHashMap::get (162 bytes)
Event: 1.944 Thread 0x000001a095bf87e0 nmethod 2213 0x000001a087bef890 code [0x000001a087befa20, 0x000001a087befcf8]
Event: 1.946 Thread 0x000001a095936450 2218   !   3       org.gradle.internal.service.DefaultServiceRegistry$SingletonService::prepare (111 bytes)
Event: 1.947 Thread 0x000001a095936450 nmethod 2218 0x000001a08044f610 code [0x000001a08044f8c0, 0x000001a0804504a8]
Event: 1.947 Thread 0x000001a095936450 2219       3       java.util.ArrayList::contains (14 bytes)
Event: 1.947 Thread 0x000001a095936450 nmethod 2219 0x000001a080450990 code [0x000001a080450b40, 0x000001a080450d68]
Event: 1.947 Thread 0x000001a095936450 2220       3       java.util.ArrayList::indexOf (11 bytes)
Event: 1.947 Thread 0x000001a095936450 nmethod 2220 0x000001a080450e90 code [0x000001a080451040, 0x000001a080451188]

GC Heap History (6 events):
Event: 0.502 GC heap before
{Heap before GC invocations=0 (full 0):
 garbage-first heap   total 260096K, used 26624K [0x0000000080000000, 0x0000000100000000)
  region size 1024K, 23 young (23552K), 0 survivors (0K)
 Metaspace       used 10498K, committed 10624K, reserved 1114112K
  class space    used 1091K, committed 1152K, reserved 1048576K
}
Event: 0.506 GC heap after
{Heap after GC invocations=1 (full 0):
 garbage-first heap   total 260096K, used 10511K [0x0000000080000000, 0x0000000100000000)
  region size 1024K, 3 young (3072K), 3 survivors (3072K)
 Metaspace       used 10498K, committed 10624K, reserved 1114112K
  class space    used 1091K, committed 1152K, reserved 1048576K
}
Event: 0.771 GC heap before
{Heap before GC invocations=1 (full 0):
 garbage-first heap   total 260096K, used 40207K [0x0000000080000000, 0x0000000100000000)
  region size 1024K, 31 young (31744K), 3 survivors (3072K)
 Metaspace       used 11464K, committed 11648K, reserved 1114112K
  class space    used 1197K, committed 1280K, reserved 1048576K
}
Event: 0.774 GC heap after
{Heap after GC invocations=2 (full 0):
 garbage-first heap   total 260096K, used 12165K [0x0000000080000000, 0x0000000100000000)
  region size 1024K, 2 young (2048K), 2 survivors (2048K)
 Metaspace       used 11464K, committed 11648K, reserved 1114112K
  class space    used 1197K, committed 1280K, reserved 1048576K
}
Event: 1.592 GC heap before
{Heap before GC invocations=2 (full 0):
 garbage-first heap   total 260096K, used 57221K [0x0000000080000000, 0x0000000100000000)
  region size 1024K, 47 young (48128K), 2 survivors (2048K)
 Metaspace       used 21323K, committed 21504K, reserved 1114112K
  class space    used 2525K, committed 2624K, reserved 1048576K
}
Event: 1.597 GC heap after
{Heap after GC invocations=3 (full 0):
 garbage-first heap   total 260096K, used 19168K [0x0000000080000000, 0x0000000100000000)
  region size 1024K, 9 young (9216K), 9 survivors (9216K)
 Metaspace       used 21323K, committed 21504K, reserved 1114112K
  class space    used 2525K, committed 2624K, reserved 1048576K
}

Dll operation events (3 events):
Event: 0.007 Loaded shared library C:\Program Files\Android\Android Studio\jbr\bin\java.dll
Event: 0.097 Loaded shared library C:\Program Files\Android\Android Studio\jbr\bin\zip.dll
Event: 0.279 Loaded shared library C:\Program Files\Android\Android Studio\jbr\bin\verify.dll

Deoptimization events (20 events):
Event: 1.427 Thread 0x000001a095931d20 Uncommon trap: trap_request=0xffffff45 fr.pc=0x000001a087aed758 relative=0x00000000000003f8
Event: 1.427 Thread 0x000001a095931d20 Uncommon trap: reason=unstable_if action=reinterpret pc=0x000001a087aed758 method=java.util.regex.Matcher.match(II)Z @ 76 c2
Event: 1.427 Thread 0x000001a095931d20 DEOPT PACKING pc=0x000001a087aed758 sp=0x00000073b66fdbe0
Event: 1.427 Thread 0x000001a095931d20 DEOPT UNPACKING pc=0x000001a08758a1a3 sp=0x00000073b66fdbb0 mode 2
Event: 1.569 Thread 0x000001a095933b80 Uncommon trap: trap_request=0xffffff45 fr.pc=0x000001a087b0fc34 relative=0x00000000000003f4
Event: 1.569 Thread 0x000001a095933b80 Uncommon trap: reason=unstable_if action=reinterpret pc=0x000001a087b0fc34 method=java.util.HashMap.getNode(Ljava/lang/Object;)Ljava/util/HashMap$Node; @ 66 c2
Event: 1.569 Thread 0x000001a095933b80 DEOPT PACKING pc=0x000001a087b0fc34 sp=0x00000073b68fc3f0
Event: 1.569 Thread 0x000001a095933b80 DEOPT UNPACKING pc=0x000001a08758a1a3 sp=0x00000073b68fc370 mode 2
Event: 1.579 Thread 0x000001a095933b80 Uncommon trap: trap_request=0xffffff45 fr.pc=0x000001a087b6a928 relative=0x00000000000004c8
Event: 1.579 Thread 0x000001a095933b80 Uncommon trap: reason=unstable_if action=reinterpret pc=0x000001a087b6a928 method=java.util.concurrent.ConcurrentHashMap.get(Ljava/lang/Object;)Ljava/lang/Object; @ 76 c2
Event: 1.579 Thread 0x000001a095933b80 DEOPT PACKING pc=0x000001a087b6a928 sp=0x00000073b68fb920
Event: 1.579 Thread 0x000001a095933b80 DEOPT UNPACKING pc=0x000001a08758a1a3 sp=0x00000073b68fb8c8 mode 2
Event: 1.852 Thread 0x000001a095933b80 Uncommon trap: trap_request=0xffffff45 fr.pc=0x000001a087af1214 relative=0x0000000000000b94
Event: 1.852 Thread 0x000001a095933b80 Uncommon trap: reason=unstable_if action=reinterpret pc=0x000001a087af1214 method=java.io.WinNTFileSystem.resolve(Ljava/lang/String;Ljava/lang/String;)Ljava/lang/String; @ 19 c2
Event: 1.852 Thread 0x000001a095933b80 DEOPT PACKING pc=0x000001a087af1214 sp=0x00000073b68fcf40
Event: 1.852 Thread 0x000001a095933b80 DEOPT UNPACKING pc=0x000001a08758a1a3 sp=0x00000073b68fcee8 mode 2
Event: 1.853 Thread 0x000001a095933b80 Uncommon trap: trap_request=0xffffff45 fr.pc=0x000001a087b471d4 relative=0x0000000000000614
Event: 1.853 Thread 0x000001a095933b80 Uncommon trap: reason=unstable_if action=reinterpret pc=0x000001a087b471d4 method=java.io.File.getName()Ljava/lang/String; @ 16 c2
Event: 1.853 Thread 0x000001a095933b80 DEOPT PACKING pc=0x000001a087b471d4 sp=0x00000073b68fcee0
Event: 1.853 Thread 0x000001a095933b80 DEOPT UNPACKING pc=0x000001a08758a1a3 sp=0x00000073b68fceb0 mode 2

Classes unloaded (0 events):
No events

Classes redefined (0 events):
No events

Internal exceptions (20 events):
Event: 1.024 Thread 0x000001a0fb8c4dc0 Exception <a 'java/lang/NoSuchMethodError'{0x000000008ea051a0}: 'java.lang.Object java.lang.invoke.DirectMethodHandle$Holder.invokeInterface(java.lang.Object, java.lang.Object)'> (0x000000008ea051a0) 
thrown [s\src\hotspot\share\interpreter\linkResolver.cpp, line 771]
Event: 1.109 Thread 0x000001a0fb8c4dc0 Exception <a 'java/lang/NoSuchMethodError'{0x000000008e453e60}: 'java.lang.Object java.lang.invoke.DirectMethodHandle$Holder.invokeStaticInit(java.lang.Object, int, int, int, int)'> (0x000000008e453e60) 
thrown [s\src\hotspot\share\interpreter\linkResolver.cpp, line 771]
Event: 1.142 Thread 0x000001a0fb8c4dc0 Exception <a 'java/lang/NoSuchMethodError'{0x000000008e3149f0}: 'java.lang.Object java.lang.invoke.DirectMethodHandle$Holder.invokeStaticInit(java.lang.Object, java.lang.Object, int, int, int, int)'> (0x000000008e3149f0) 
thrown [s\src\hotspot\share\interpreter\linkResolver.cpp, line 771]
Event: 1.323 Thread 0x000001a0fb8c4dc0 Exception <a 'java/lang/NoSuchMethodError'{0x000000008e123b98}: 'void java.lang.invoke.DirectMethodHandle$Holder.invokeStatic(java.lang.Object, java.lang.Object, java.lang.Object)'> (0x000000008e123b98) 
thrown [s\src\hotspot\share\interpreter\linkResolver.cpp, line 771]
Event: 1.355 Thread 0x000001a0fb8c4dc0 Exception <a 'java/io/IOException'{0x000000008e1de6e0}> (0x000000008e1de6e0) 
thrown [s\src\hotspot\share\prims\jni.cpp, line 517]
Event: 1.496 Thread 0x000001a095933b80 Exception <a 'java/lang/NoSuchMethodError'{0x000000008d692e08}: 'long java.lang.invoke.DirectMethodHandle$Holder.invokeInterface(java.lang.Object, java.lang.Object)'> (0x000000008d692e08) 
thrown [s\src\hotspot\share\interpreter\linkResolver.cpp, line 771]
Event: 1.501 Thread 0x000001a095933b80 Exception <a 'java/lang/NoSuchMethodError'{0x000000008d6cac38}: 'java.lang.Object java.lang.invoke.DirectMethodHandle$Holder.invokeVirtual(java.lang.Object, java.lang.Object, java.lang.Object)'> (0x000000008d6cac38) 
thrown [s\src\hotspot\share\interpreter\linkResolver.cpp, line 771]
Event: 1.547 Thread 0x000001a095933b80 Exception <a 'java/lang/NoSuchMethodError'{0x000000008d27ab80}: 'void java.lang.invoke.DirectMethodHandle$Holder.invokeStatic(java.lang.Object, java.lang.Object)'> (0x000000008d27ab80) 
thrown [s\src\hotspot\share\interpreter\linkResolver.cpp, line 771]
Event: 1.635 Thread 0x000001a095933b80 Exception <a 'java/lang/NoSuchMethodError'{0x0000000083a25ab8}: 'java.lang.Object java.lang.invoke.DirectMethodHandle$Holder.newInvokeSpecial(java.lang.Object, java.lang.Object, java.lang.Object, java.lang.Object, java.lang.Object, java.lang.Object)'> (0x0000000083a25ab8) 
thrown [s\src\hotspot\share\interpreter\linkResolver.cpp, line 771]
Event: 1.637 Thread 0x000001a095933b80 Exception <a 'java/lang/NoSuchMethodError'{0x0000000083a3d808}: 'void java.lang.invoke.DirectMethodHandle$Holder.invokeSpecial(java.lang.Object, java.lang.Object, java.lang.Object, java.lang.Object, java.lang.Object)'> (0x0000000083a3d808) 
thrown [s\src\hotspot\share\interpreter\linkResolver.cpp, line 771]
Event: 1.638 Thread 0x000001a095933b80 Exception <a 'java/lang/NoSuchMethodError'{0x0000000083a516a8}: 'void java.lang.invoke.DirectMethodHandle$Holder.invokeStaticInit(java.lang.Object, java.lang.Object)'> (0x0000000083a516a8) 
thrown [s\src\hotspot\share\interpreter\linkResolver.cpp, line 771]
Event: 1.661 Thread 0x000001a095933b80 Exception <a 'java/lang/NoSuchMethodError'{0x0000000083958d70}: 'java.lang.Object java.lang.invoke.DirectMethodHandle$Holder.newInvokeSpecial(java.lang.Object, java.lang.Object, java.lang.Object, int, java.lang.Object, java.lang.Object)'> (0x0000000083958d70) 
thrown [s\src\hotspot\share\interpreter\linkResolver.cpp, line 771]
Event: 1.684 Thread 0x000001a095933b80 Exception <a 'java/lang/NoSuchMethodError'{0x0000000083719ec8}: 'void java.lang.invoke.DelegatingMethodHandle$Holder.reinvoke_L(java.lang.Object, java.lang.Object, java.lang.Object, java.lang.Object, java.lang.Object, java.lang.Object, java.lang.Object, java.lang.Object, java.lang.Object, java.lang.Object)'> (0x0000000083719ec8) 
thrown [s\src\hotspot\share\interpreter\linkResolver.cpp, line 771]
Event: 1.684 Thread 0x000001a095933b80 Exception <a 'java/lang/NoSuchMethodError'{0x0000000083722478}: 'java.lang.Object java.lang.invoke.DirectMethodHandle$Holder.invokeSpecial(java.lang.Object, java.lang.Object, java.lang.Object, java.lang.Object, java.lang.Object, java.lang.Object, java.lang.Object, java.lang.Object, java.lang.Object, java.lang.Object)'> (0x0000000083722478) 
thrown [s\src\hotspot\share\interpreter\linkResolver.cpp, line 771]
Event: 1.684 Thread 0x000001a095933b80 Exception <a 'java/lang/NoSuchMethodError'{0x0000000083726d48}: 'java.lang.Object java.lang.invoke.Invokers$Holder.invoker(java.lang.Object, java.lang.Object, java.lang.Object, java.lang.Object, java.lang.Object, java.lang.Object, java.lang.Object, java.lang.Object, java.lang.Object, java.lang.Object)'> (0x0000000083726d48) 
thrown [s\src\hotspot\share\interpreter\linkResolver.cpp, line 771]
Event: 1.685 Thread 0x000001a095933b80 Exception <a 'java/lang/NoSuchMethodError'{0x000000008372c950}: 'java.lang.Object java.lang.invoke.DirectMethodHandle$Holder.invokeSpecial(java.lang.Object, java.lang.Object, java.lang.Object, java.lang.Object, java.lang.Object, java.lang.Object, java.lang.Object, java.lang.Object, java.lang.Object, java.lang.Object, java.lang.Object)'> (0x000000008372c950) 
thrown [s\src\hotspot\share\interpreter\linkResolver.cpp, line 771]
Event: 1.799 Thread 0x000001a095933b80 Exception <a 'java/lang/NoSuchMethodError'{0x000000008310e478}: 'void java.lang.invoke.DirectMethodHandle$Holder.invokeStaticInit(java.lang.Object)'> (0x000000008310e478) 
thrown [s\src\hotspot\share\interpreter\linkResolver.cpp, line 771]
Event: 1.808 Thread 0x000001a095933b80 Exception <a 'java/lang/NoSuchMethodError'{0x00000000831c24d0}: 'java.lang.Object java.lang.invoke.DirectMethodHandle$Holder.newInvokeSpecial(java.lang.Object, java.lang.Object, java.lang.Object, int)'> (0x00000000831c24d0) 
thrown [s\src\hotspot\share\interpreter\linkResolver.cpp, line 771]
Event: 1.809 Thread 0x000001a095933b80 Exception <a 'java/lang/NoSuchMethodError'{0x00000000831c6e00}: 'java.lang.Object java.lang.invoke.DirectMethodHandle$Holder.invokeSpecial(java.lang.Object, java.lang.Object, java.lang.Object, java.lang.Object, int)'> (0x00000000831c6e00) 
thrown [s\src\hotspot\share\interpreter\linkResolver.cpp, line 771]
Event: 1.809 Thread 0x000001a095933b80 Exception <a 'java/lang/NoSuchMethodError'{0x00000000831caf18}: 'java.lang.Object java.lang.invoke.Invokers$Holder.linkToTargetMethod(java.lang.Object, java.lang.Object, int, java.lang.Object)'> (0x00000000831caf18) 
thrown [s\src\hotspot\share\interpreter\linkResolver.cpp, line 771]

VM Operations (20 events):
Event: 1.065 Executing VM operation: HandshakeAllThreads
Event: 1.065 Executing VM operation: HandshakeAllThreads done
Event: 1.136 Executing VM operation: HandshakeAllThreads
Event: 1.136 Executing VM operation: HandshakeAllThreads done
Event: 1.321 Executing VM operation: HandshakeAllThreads
Event: 1.321 Executing VM operation: HandshakeAllThreads done
Event: 1.383 Executing VM operation: HandshakeAllThreads
Event: 1.383 Executing VM operation: HandshakeAllThreads done
Event: 1.592 Executing VM operation: CollectForMetadataAllocation
Event: 1.597 Executing VM operation: CollectForMetadataAllocation done
Event: 1.601 Executing VM operation: G1PauseRemark
Event: 1.603 Executing VM operation: G1PauseRemark done
Event: 1.604 Executing VM operation: G1PauseCleanup
Event: 1.605 Executing VM operation: G1PauseCleanup done
Event: 1.669 Executing VM operation: HandshakeAllThreads
Event: 1.670 Executing VM operation: HandshakeAllThreads done
Event: 1.883 Executing VM operation: HandshakeAllThreads
Event: 1.883 Executing VM operation: HandshakeAllThreads done
Event: 1.884 Executing VM operation: HandshakeAllThreads
Event: 1.884 Executing VM operation: HandshakeAllThreads done

Events (20 events):
Event: 1.807 loading class java/util/concurrent/locks/ReentrantLock$FairSync
Event: 1.807 loading class java/util/concurrent/locks/ReentrantLock$FairSync done
Event: 1.807 Thread 0x000001a09c1b1570 Thread added: 0x000001a09c1b1570
Event: 1.811 loading class sun/misc/Unsafe
Event: 1.811 loading class sun/misc/Unsafe done
Event: 1.815 Thread 0x000001a09c1b1f90 Thread added: 0x000001a09c1b1f90
Event: 1.815 loading class java/net/DatagramPacket
Event: 1.815 loading class java/net/DatagramPacket done
Event: 1.815 loading class sun/nio/ch/DatagramSocketAdaptor$DatagramPackets
Event: 1.816 loading class sun/nio/ch/DatagramSocketAdaptor$DatagramPackets done
Event: 1.820 loading class java/lang/Character$CharacterCache
Event: 1.820 loading class java/lang/Character$CharacterCache done
Event: 1.852 loading class java/io/File$TempDirectory
Event: 1.852 loading class java/io/File$TempDirectory done
Event: 1.857 loading class java/io/PrintWriter
Event: 1.857 loading class java/io/PrintWriter done
Event: 1.863 loading class java/util/zip/CheckedInputStream
Event: 1.864 loading class java/util/zip/CheckedInputStream done
Event: 1.864 loading class java/nio/file/FileVisitor
Event: 1.864 loading class java/nio/file/FileVisitor done


Dynamic libraries:
0x00007ff7b9d80000 - 0x00007ff7b9d8a000 	C:\Program Files\Android\Android Studio\jbr\bin\java.exe
0x00007ffe02510000 - 0x00007ffe02727000 	C:\WINDOWS\SYSTEM32\ntdll.dll
0x00007ffe00e20000 - 0x00007ffe00ee4000 	C:\WINDOWS\System32\KERNEL32.DLL
0x00007ffdffd70000 - 0x00007ffe0011d000 	C:\WINDOWS\System32\KERNELBASE.dll
0x00007ffe00120000 - 0x00007ffe00231000 	C:\WINDOWS\System32\ucrtbase.dll
0x00007ffdde210000 - 0x00007ffdde227000 	C:\Program Files\Android\Android Studio\jbr\bin\jli.dll
0x00007ffdbeba0000 - 0x00007ffdbebbb000 	C:\Program Files\Android\Android Studio\jbr\bin\VCRUNTIME140.dll
0x00007ffe01460000 - 0x00007ffe0160e000 	C:\WINDOWS\System32\USER32.dll
0x00007ffdffbf0000 - 0x00007ffdffc16000 	C:\WINDOWS\System32\win32u.dll
0x00007ffde3990000 - 0x00007ffde3c23000 	C:\WINDOWS\WinSxS\amd64_microsoft.windows.common-controls_6595b64144ccf1df_6.0.22621.3672_none_2713b9d173822955\COMCTL32.dll
0x00007ffe00f80000 - 0x00007ffe00fa9000 	C:\WINDOWS\System32\GDI32.dll
0x00007ffe00240000 - 0x00007ffe002e7000 	C:\WINDOWS\System32\msvcrt.dll
0x00007ffdffc20000 - 0x00007ffdffd39000 	C:\WINDOWS\System32\gdi32full.dll
0x00007ffdffa20000 - 0x00007ffdffaba000 	C:\WINDOWS\System32\msvcp_win.dll
0x00007ffe01360000 - 0x00007ffe01391000 	C:\WINDOWS\System32\IMM32.DLL
0x00007ffdd81c0000 - 0x00007ffdd81cc000 	C:\Program Files\Android\Android Studio\jbr\bin\vcruntime140_1.dll
0x00007ffdad7e0000 - 0x00007ffdad86d000 	C:\Program Files\Android\Android Studio\jbr\bin\msvcp140.dll
0x00007ffdada00000 - 0x00007ffdae683000 	C:\Program Files\Android\Android Studio\jbr\bin\server\jvm.dll
0x00007ffe012a0000 - 0x00007ffe01352000 	C:\WINDOWS\System32\ADVAPI32.dll
0x00007ffe013a0000 - 0x00007ffe01449000 	C:\WINDOWS\System32\sechost.dll
0x00007ffdffd40000 - 0x00007ffdffd68000 	C:\WINDOWS\System32\bcrypt.dll
0x00007ffe00fd0000 - 0x00007ffe010e4000 	C:\WINDOWS\System32\RPCRT4.dll
0x00007ffdf8860000 - 0x00007ffdf8869000 	C:\WINDOWS\SYSTEM32\WSOCK32.dll
0x00007ffdfe6c0000 - 0x00007ffdfe70d000 	C:\WINDOWS\SYSTEM32\POWRPROF.dll
0x00007ffdf86a0000 - 0x00007ffdf86d4000 	C:\WINDOWS\SYSTEM32\WINMM.dll
0x00007ffe00350000 - 0x00007ffe003c1000 	C:\WINDOWS\System32\WS2_32.dll
0x00007ffdf7320000 - 0x00007ffdf732a000 	C:\WINDOWS\SYSTEM32\VERSION.dll
0x00007ffdfe6a0000 - 0x00007ffdfe6b3000 	C:\WINDOWS\SYSTEM32\UMPDC.dll
0x00007ffdfe8f0000 - 0x00007ffdfe908000 	C:\WINDOWS\SYSTEM32\kernel.appcore.dll
0x00007ffdf8850000 - 0x00007ffdf885a000 	C:\Program Files\Android\Android Studio\jbr\bin\jimage.dll
0x00007ffdfc8e0000 - 0x00007ffdfcb12000 	C:\WINDOWS\SYSTEM32\DBGHELP.DLL
0x00007ffe004d0000 - 0x00007ffe0085d000 	C:\WINDOWS\System32\combase.dll
0x00007ffe003f0000 - 0x00007ffe004c7000 	C:\WINDOWS\System32\OLEAUT32.dll
0x00007ffddbc30000 - 0x00007ffddbc62000 	C:\WINDOWS\SYSTEM32\dbgcore.DLL
0x00007ffdff9a0000 - 0x00007ffdffa1b000 	C:\WINDOWS\System32\bcryptPrimitives.dll
0x00007ffdde230000 - 0x00007ffdde23e000 	C:\Program Files\Android\Android Studio\jbr\bin\instrument.dll
0x00007ffde03a0000 - 0x00007ffde03c5000 	C:\Program Files\Android\Android Studio\jbr\bin\java.dll
0x00007ffde3440000 - 0x00007ffde3458000 	C:\Program Files\Android\Android Studio\jbr\bin\zip.dll
0x00007ffe01c60000 - 0x00007ffe024c8000 	C:\WINDOWS\System32\SHELL32.dll
0x00007ffdfd740000 - 0x00007ffdfe03e000 	C:\WINDOWS\SYSTEM32\windows.storage.dll
0x00007ffdfd600000 - 0x00007ffdfd73f000 	C:\WINDOWS\SYSTEM32\wintypes.dll
0x00007ffe010f0000 - 0x00007ffe011e9000 	C:\WINDOWS\System32\SHCORE.dll
0x00007ffe00a70000 - 0x00007ffe00ace000 	C:\WINDOWS\System32\shlwapi.dll
0x00007ffdff760000 - 0x00007ffdff781000 	C:\WINDOWS\SYSTEM32\profapi.dll
0x00007ffde1c40000 - 0x00007ffde1c59000 	C:\Program Files\Android\Android Studio\jbr\bin\net.dll
0x00007ffdfb270000 - 0x00007ffdfb3a6000 	C:\WINDOWS\SYSTEM32\WINHTTP.dll
0x00007ffdfedc0000 - 0x00007ffdfee29000 	C:\WINDOWS\system32\mswsock.dll
0x00007ffde0380000 - 0x00007ffde0396000 	C:\Program Files\Android\Android Studio\jbr\bin\nio.dll
0x00007ffdefbe0000 - 0x00007ffdefbf0000 	C:\Program Files\Android\Android Studio\jbr\bin\verify.dll
0x00007ffdbfac0000 - 0x00007ffdbfae7000 	C:\Users\Lenovo\.gradle\native\c067742578af261105cb4f569cf0c3c89f3d7b1fecec35dd04571415982c5e48\windows-amd64\native-platform.dll
0x00007ffda55d0000 - 0x00007ffda5714000 	C:\Users\Lenovo\.gradle\native\38dada09dfb8b06ba9b0570ebf7e218e3eb74d4ef43ca46872605cf95ebc2f47\windows-amd64\native-platform-file-events.dll
0x00007ffde0360000 - 0x00007ffde0369000 	C:\Program Files\Android\Android Studio\jbr\bin\management.dll
0x00007ffddf070000 - 0x00007ffddf07b000 	C:\Program Files\Android\Android Studio\jbr\bin\management_ext.dll
0x00007ffe01450000 - 0x00007ffe01458000 	C:\WINDOWS\System32\PSAPI.DLL
0x00007ffdff020000 - 0x00007ffdff03b000 	C:\WINDOWS\SYSTEM32\CRYPTSP.dll
0x00007ffdfe8b0000 - 0x00007ffdfe8e5000 	C:\WINDOWS\system32\rsaenh.dll
0x00007ffdfeec0000 - 0x00007ffdfeee8000 	C:\WINDOWS\SYSTEM32\USERENV.dll
0x00007ffdff040000 - 0x00007ffdff04c000 	C:\WINDOWS\SYSTEM32\CRYPTBASE.dll
0x00007ffdfe360000 - 0x00007ffdfe38d000 	C:\WINDOWS\SYSTEM32\IPHLPAPI.DLL
0x00007ffe00ef0000 - 0x00007ffe00ef9000 	C:\WINDOWS\System32\NSI.dll
0x00007ffdfb0a0000 - 0x00007ffdfb0b9000 	C:\WINDOWS\SYSTEM32\dhcpcsvc6.DLL
0x00007ffdfb080000 - 0x00007ffdfb09f000 	C:\WINDOWS\SYSTEM32\dhcpcsvc.DLL
0x00007ffdfe390000 - 0x00007ffdfe488000 	C:\WINDOWS\SYSTEM32\DNSAPI.dll
0x00007ffde0370000 - 0x00007ffde0379000 	C:\Program Files\Android\Android Studio\jbr\bin\extnet.dll
0x00007ffde46a0000 - 0x00007ffde46a8000 	C:\WINDOWS\system32\wshunix.dll

dbghelp: loaded successfully - version: 4.0.5 - missing functions: none
symbol engine: initialized successfully - sym options: 0x614 - pdb path: .;C:\Program Files\Android\Android Studio\jbr\bin;C:\WINDOWS\SYSTEM32;C:\WINDOWS\WinSxS\amd64_microsoft.windows.common-controls_6595b64144ccf1df_6.0.22621.3672_none_2713b9d173822955;C:\Program Files\Android\Android Studio\jbr\bin\server;C:\Users\Lenovo\.gradle\native\c067742578af261105cb4f569cf0c3c89f3d7b1fecec35dd04571415982c5e48\windows-amd64;C:\Users\Lenovo\.gradle\native\38dada09dfb8b06ba9b0570ebf7e218e3eb74d4ef43ca46872605cf95ebc2f47\windows-amd64

VM Arguments:
jvm_args: --add-opens=java.base/java.util=ALL-UNNAMED --add-opens=java.base/java.lang=ALL-UNNAMED --add-opens=java.base/java.lang.invoke=ALL-UNNAMED --add-opens=java.prefs/java.util.prefs=ALL-UNNAMED --add-opens=java.base/java.nio.charset=ALL-UNNAMED --add-opens=java.base/java.net=ALL-UNNAMED --add-opens=java.base/java.util.concurrent.atomic=ALL-UNNAMED -Xmx2048m -Dfile.encoding=UTF-8 -Duser.country=US -Duser.language=en -Duser.variant -javaagent:C:\Users\Lenovo\.gradle\wrapper\dists\gradle-8.4-bin\1w5dpkrfk8irigvoxmyhowfim\gradle-8.4\lib\agents\gradle-instrumentation-agent-8.4.jar 
java_command: org.gradle.launcher.daemon.bootstrap.GradleDaemon 8.4
java_class_path (initial): C:\Users\Lenovo\.gradle\wrapper\dists\gradle-8.4-bin\1w5dpkrfk8irigvoxmyhowfim\gradle-8.4\lib\gradle-launcher-8.4.jar
Launcher Type: SUN_STANDARD

[Global flags]
     intx CICompilerCount                          = 4                                         {product} {ergonomic}
     uint ConcGCThreads                            = 2                                         {product} {ergonomic}
     uint G1ConcRefinementThreads                  = 8                                         {product} {ergonomic}
   size_t G1HeapRegionSize                         = 1048576                                   {product} {ergonomic}
    uintx GCDrainStackTargetSize                   = 64                                        {product} {ergonomic}
   size_t InitialHeapSize                          = 266338304                                 {product} {ergonomic}
   size_t MarkStackSize                            = 4194304                                   {product} {ergonomic}
   size_t MaxHeapSize                              = 2147483648                                {product} {command line}
   size_t MaxNewSize                               = 1287651328                                {product} {ergonomic}
   size_t MinHeapDeltaBytes                        = 1048576                                   {product} {ergonomic}
   size_t MinHeapSize                              = 8388608                                   {product} {ergonomic}
    uintx NonNMethodCodeHeapSize                   = 5839372                                {pd product} {ergonomic}
    uintx NonProfiledCodeHeapSize                  = 122909434                              {pd product} {ergonomic}
    uintx ProfiledCodeHeapSize                     = 122909434                              {pd product} {ergonomic}
    uintx ReservedCodeCacheSize                    = 251658240                              {pd product} {ergonomic}
     bool SegmentedCodeCache                       = true                                      {product} {ergonomic}
   size_t SoftMaxHeapSize                          = 2147483648                             {manageable} {ergonomic}
     bool UseCompressedClassPointers               = true                           {product lp64_product} {ergonomic}
     bool UseCompressedOops                        = true                           {product lp64_product} {ergonomic}
     bool UseG1GC                                  = true                                      {product} {ergonomic}
     bool UseLargePagesIndividualAllocation        = false                                  {pd product} {ergonomic}

Logging:
Log output configuration:
 #0: stdout all=warning uptime,level,tags
 #1: stderr all=off uptime,level,tags

Environment Variables:
PATH=C:\Program Files\Common Files\Oracle\Java\javapath;C:\Windows\system32;C:\Windows;C:\Windows\System32\Wbem;C:\Windows\System32\WindowsPowerShell\v1.0\;C:\Windows\System32\OpenSSH\;C:\Program Files (x86)\NVIDIA Corporation\PhysX\Common;C:\Program Files\NVIDIA Corporation\NVIDIA NvDLISR;C:\WINDOWS\system32;C:\WINDOWS;C:\WINDOWS\System32\Wbem;C:\WINDOWS\System32\WindowsPowerShell\v1.0\;C:\WINDOWS\System32\OpenSSH\;C:\Program Files\Git\cmd;C:\MinGW;C:\Program Files\MySQL\MySQL Server 8.0\bin;C:\Program Files\Java\jdk-20\bin;C:\Program Files\MySQL\MySQL Shell 8.0\bin\;C:\Users\Lenovo\AppData\Local\Programs\Python\Launcher\;C:\Users\Lenovo\AppData\Local\Microsoft\WindowsApps;C:\Users\Lenovo\AppData\Roaming\Microsoft\Windows\Start Menu\Programs\Python 3.11;C:\Users\Lenovo\AppData\Local\GitHubDesktop\bin;C:\MinGW\bin;C:\Users\Lenovo\AppData\Local\Programs\Microsoft VS Code\bin
USERNAME=Lenovo
OS=Windows_NT
PROCESSOR_IDENTIFIER=Intel64 Family 6 Model 140 Stepping 1, GenuineIntel
TMP=C:\Users\Lenovo\AppData\Local\Temp
TEMP=C:\Users\Lenovo\AppData\Local\Temp



Periodic native trim disabled

JNI global refs:
JNI global refs: 23, weak refs: 0

JNI global refs memory usage: 843, weak refs: 841

OOME stack traces (most recent first):
Classloader memory used:
Loader bootstrap                                                                       : 1853K
Loader org.gradle.internal.classloader.VisitableURLClassLoader                         : 1113K
Loader org.gradle.initialization.MixInLegacyTypesClassLoader                           : 119K
Loader jdk.internal.loader.ClassLoaders$AppClassLoader                                 : 28453B
Loader jdk.internal.loader.ClassLoaders$PlatformClassLoader                            : 14828B
Loader jdk.internal.reflect.DelegatingClassLoader                                      : 1397B

Classes loaded by more than one classloader:
Class org.gradle.internal.installation.GradleInstallation                             : loaded 2 times (x 73B)
Class org.gradle.internal.classpath.ClassPath                                         : loaded 2 times (x 68B)
Class org.gradle.api.internal.classpath.DefaultModuleRegistry                         : loaded 2 times (x 84B)
Class org.gradle.api.Action                                                           : loaded 2 times (x 68B)
Class org.gradle.api.internal.DefaultClassPathProvider                                : loaded 2 times (x 74B)
Class org.gradle.internal.installation.GradleInstallation$1                           : loaded 2 times (x 73B)
Class org.gradle.internal.classloader.FilteringClassLoader                            : loaded 2 times (x 103B)
Class org.gradle.internal.classpath.DefaultClassPath$ImmutableUniqueList$Builder      : loaded 2 times (x 73B)
Class org.gradle.internal.classloader.ClassLoaderVisitor                              : loaded 2 times (x 74B)
Class org.gradle.internal.service.DefaultServiceLocator                               : loaded 2 times (x 81B)
Class org.gradle.internal.service.UnknownServiceException                             : loaded 2 times (x 81B)
Class org.gradle.internal.classloader.VisitableURLClassLoader$Spec                    : loaded 2 times (x 72B)
Class org.gradle.api.GradleException                                                  : loaded 2 times (x 80B)
Class org.gradle.api.internal.classpath.ModuleRegistry                                : loaded 2 times (x 68B)
Class org.gradle.api.internal.ClassPathProvider                                       : loaded 2 times (x 68B)
Class org.gradle.internal.classloader.ClasspathUtil$1                                 : loaded 2 times (x 74B)
Class org.gradle.internal.classloader.ClassLoaderFactory                              : loaded 2 times (x 68B)
Class org.gradle.api.internal.classpath.ManifestUtil                                  : loaded 2 times (x 69B)
Class org.gradle.api.specs.Spec                                                       : loaded 2 times (x 68B)
Class org.gradle.internal.IoActions                                                   : loaded 2 times (x 69B)
Class org.gradle.api.internal.classpath.EffectiveClassPath                            : loaded 2 times (x 88B)
Class org.gradle.internal.installation.CurrentGradleInstallation                      : loaded 2 times (x 71B)
Class org.gradle.internal.agents.InstrumentingClassLoader                             : loaded 2 times (x 68B)
Class org.gradle.internal.installation.CurrentGradleInstallationLocator               : loaded 2 times (x 69B)
Class org.gradle.api.internal.classpath.Module                                        : loaded 2 times (x 68B)
Class org.gradle.internal.service.CachingServiceLocator                               : loaded 2 times (x 80B)
Class org.gradle.internal.classpath.DefaultClassPath                                  : loaded 2 times (x 88B)
Class org.gradle.internal.classloader.SystemClassLoaderSpec                           : loaded 2 times (x 69B)
Class org.gradle.api.UncheckedIOException                                             : loaded 2 times (x 80B)
Class org.gradle.internal.classloader.ClasspathUtil                                   : loaded 2 times (x 69B)
Class org.gradle.api.internal.DefaultClassPathRegistry                                : loaded 2 times (x 74B)
Class org.gradle.api.internal.classpath.DefaultModuleRegistry$DefaultModule           : loaded 2 times (x 84B)
Class org.gradle.api.internal.classpath.UnknownModuleException                        : loaded 2 times (x 80B)
Class org.gradle.internal.service.ServiceLookupException                              : loaded 2 times (x 80B)
Class org.gradle.cache.GlobalCache                                                    : loaded 2 times (x 68B)
Class [Lorg.gradle.api.internal.ClassPathProvider;                                    : loaded 2 times (x 67B)
Class org.gradle.util.internal.GUtil                                                  : loaded 2 times (x 69B)
Class org.gradle.internal.classloader.ClassLoaderSpec                                 : loaded 2 times (x 69B)
Class org.gradle.internal.classloader.VisitableURLClassLoader                         : loaded 2 times (x 115B)
Class org.gradle.internal.Cast                                                        : loaded 2 times (x 69B)
Class org.gradle.api.internal.ClassPathRegistry                                       : loaded 2 times (x 68B)
Class org.gradle.internal.classloader.VisitableURLClassLoader$InstrumentingVisitableURLClassLoader: loaded 2 times (x 121B)
Class org.gradle.internal.classloader.ClassLoaderHierarchy                            : loaded 2 times (x 68B)
Class org.gradle.internal.InternalTransformer                                         : loaded 2 times (x 68B)
Class org.gradle.internal.service.ServiceLocator                                      : loaded 2 times (x 68B)
Class org.gradle.internal.classpath.DefaultClassPath$ImmutableUniqueList              : loaded 2 times (x 159B)
Class org.gradle.internal.classpath.TransformedClassPath                              : loaded 2 times (x 94B)


---------------  S Y S T E M  ---------------

OS:
 Windows 11 , 64 bit Build 22621 (10.0.22621.3958)
OS uptime: 1 days 23:12 hours
Hyper-V role detected

CPU: total 8 (initial active 8) (4 cores per cpu, 2 threads per core) family 6 model 140 stepping 1 microcode 0xaa, cx8, cmov, fxsr, ht, mmx, 3dnowpref, sse, sse2, sse3, ssse3, sse4.1, sse4.2, popcnt, lzcnt, tsc, tscinvbit, avx, avx2, aes, erms, clmul, bmi1, bmi2, adx, avx512f, avx512dq, avx512cd, avx512bw, avx512vl, sha, fma, vzeroupper, avx512_vpopcntdq, avx512_vpclmulqdq, avx512_vaes, avx512_vnni, clflush, clflushopt, clwb, avx512_vbmi2, avx512_vbmi, hv
Processor Information for all 8 processors :
  Max Mhz: 3110, Current Mhz: 3110, Mhz Limit: 3110

Memory: 4k page, system-wide physical 16167M (2784M free)
TotalPageFile size 16167M (AvailPageFile size 6M)
current process WorkingSet (physical memory assigned to process): 153M, peak: 159M
current process commit charge ("private bytes"): 217M, peak: 395M

vm_info: OpenJDK 64-Bit Server VM (17.0.10+0--11572160) for windows-amd64 JRE (17.0.10+0--11572160), built on Mar 13 2024 23:56:38 by "androidbuild" with MS VC++ 16.10 / 16.11 (VS2019)

END.
